;  LST file generated by mikroListExporter - v.2.0 
; Date/Time: 5/2/2023 6:39:17 AM
;----------------------------------------------

;Address Opcode 	ASM
0x0000	0xF000EF27  	GOTO        78
_interrupt:
;main.c,31 :: 		void interrupt()
0x0008	0xF015C000  	MOVFF       R0, 21
;main.c,33 :: 		if(TMR3IF_bit==1)
0x000C	0xA2A1      	BTFSS       TMR3IF_bit, BitPos(TMR3IF_bit+0) 
0x000E	0xD014      	BRA         L_interrupt5
;main.c,35 :: 		if(state==0)
0x0010	0x0E00      	MOVLW       0
0x0012	0x1817      	XORWF       _state+1, 0 
0x0014	0xE102      	BNZ         L__interrupt12
0x0016	0x0E00      	MOVLW       0
0x0018	0x1816      	XORWF       _state, 0 
L__interrupt12:
0x001A	0xE106      	BNZ         L_interrupt6
;main.c,37 :: 		PORTB.b0=1;
0x001C	0x8081      	BSF         PORTB, 0 
;main.c,38 :: 		state=1;
0x001E	0x0E01      	MOVLW       1
0x0020	0x6E16      	MOVWF       _state 
0x0022	0x0E00      	MOVLW       0
0x0024	0x6E17      	MOVWF       _state+1 
;main.c,39 :: 		}
0x0026	0xD003      	BRA         L_interrupt7
L_interrupt6:
;main.c,42 :: 		state=0;
0x0028	0x6A16      	CLRF        _state 
0x002A	0x6A17      	CLRF        _state+1 
;main.c,43 :: 		PORTB.b0=0;
0x002C	0x9081      	BCF         PORTB, 0 
;main.c,44 :: 		}
L_interrupt7:
;main.c,45 :: 		TMR3H=0xFF;
0x002E	0x0EFF      	MOVLW       255
0x0030	0x6EB3      	MOVWF       TMR3H 
;main.c,46 :: 		TMR3L=0x6A;
0x0032	0x0E6A      	MOVLW       106
0x0034	0x6EB2      	MOVWF       TMR3L 
;main.c,47 :: 		TMR3IF_bit=0;
0x0036	0x92A1      	BCF         TMR3IF_bit, BitPos(TMR3IF_bit+0) 
;main.c,48 :: 		} }
L_interrupt5:
L_end_interrupt:
L__interrupt11:
0x0038	0xF000C015  	MOVFF       21, R0
0x003C	0x0011      	RETFIE      1
; end of _interrupt
___CC2DW:
;__Lib_System.c,21 :: 		
;__Lib_System.c,23 :: 		
_CC2DL_Loop1:
;__Lib_System.c,24 :: 		
0x003E	0x0009      	TBLRD*+
;__Lib_System.c,25 :: 		
0x0040	0xFFE6CFF5  	MOVFF       TABLAT, POSTINC1
;__Lib_System.c,26 :: 		
0x0044	0x0600      	DECF        R0, 1, 0
;__Lib_System.c,27 :: 		
0x0046	0xE1FB      	BNZ         _CC2DL_Loop1
;__Lib_System.c,28 :: 		
0x0048	0x0601      	DECF        R1, 1, 0
;__Lib_System.c,29 :: 		
0x004A	0xE1F9      	BNZ         _CC2DL_Loop1
;__Lib_System.c,31 :: 		
L_end___CC2DW:
0x004C	0x0012      	RETURN      0
; end of ___CC2DW
_main:
0x004E	0x6A16      	CLRF        _state 
0x0050	0x6A17      	CLRF        23 
;main.c,4 :: 		void main()
;main.c,6 :: 		TMR3IF_bit=0;
0x0052	0x92A1      	BCF         TMR3IF_bit, BitPos(TMR3IF_bit+0) 
;main.c,7 :: 		TMR3IE_bit=1;
0x0054	0x82A0      	BSF         TMR3IE_bit, BitPos(TMR3IE_bit+0) 
;main.c,8 :: 		PEIE_bit=1;
0x0056	0x8CF2      	BSF         PEIE_bit, BitPos(PEIE_bit+0) 
;main.c,9 :: 		GIE_bit=1;
0x0058	0x8EF2      	BSF         GIE_bit, BitPos(GIE_bit+0) 
;main.c,10 :: 		TMR3H=0xFF;
0x005A	0x0EFF      	MOVLW       255
0x005C	0x6EB3      	MOVWF       TMR3H 
;main.c,11 :: 		TMR3L=0x6A;
0x005E	0x0E6A      	MOVLW       106
0x0060	0x6EB2      	MOVWF       TMR3L 
;main.c,12 :: 		T1OSCEN_bit=1;
0x0062	0x86CD      	BSF         T1OSCEN_bit, BitPos(T1OSCEN_bit+0) 
;main.c,13 :: 		T3CON=0x87;
0x0064	0x0E87      	MOVLW       135
0x0066	0x6EB1      	MOVWF       T3CON 
;main.c,14 :: 		TRISB.b0=0;
0x0068	0x9093      	BCF         TRISB, 0 
;main.c,15 :: 		PORTB.b0=0;
0x006A	0x9081      	BCF         PORTB, 0 
;main.c,16 :: 		while(1)
L_main0:
;main.c,18 :: 		if(state==0)
0x006C	0x0E00      	MOVLW       0
0x006E	0x1817      	XORWF       _state+1, 0 
0x0070	0xE102      	BNZ         L__main9
0x0072	0x0E00      	MOVLW       0
0x0074	0x1816      	XORWF       _state, 0 
L__main9:
0x0076	0xE106      	BNZ         L_main2
;main.c,20 :: 		PORTB.b0=1;
0x0078	0x8081      	BSF         PORTB, 0 
;main.c,21 :: 		state=1;
0x007A	0x0E01      	MOVLW       1
0x007C	0x6E16      	MOVWF       _state 
0x007E	0x0E00      	MOVLW       0
0x0080	0x6E17      	MOVWF       _state+1 
;main.c,22 :: 		}
0x0082	0xD003      	BRA         L_main3
L_main2:
;main.c,25 :: 		state=0;
0x0084	0x6A16      	CLRF        _state 
0x0086	0x6A17      	CLRF        _state+1 
;main.c,26 :: 		PORTB.b0=0;
0x0088	0x9081      	BCF         PORTB, 0 
;main.c,27 :: 		}
L_main3:
;main.c,28 :: 		Delay_Ms(100);
0x008A	0x0E02      	MOVLW       2
0x008C	0x6E0B      	MOVWF       R11, 0
0x008E	0x0E04      	MOVLW       4
0x0090	0x6E0C      	MOVWF       R12, 0
0x0092	0x0EBA      	MOVLW       186
0x0094	0x6E0D      	MOVWF       R13, 0
L_main4:
0x0096	0x2E0D      	DECFSZ      R13, 1, 0
0x0098	0xD7FE      	BRA         L_main4
0x009A	0x2E0C      	DECFSZ      R12, 1, 0
0x009C	0xD7FC      	BRA         L_main4
0x009E	0x2E0B      	DECFSZ      R11, 1, 0
0x00A0	0xD7FA      	BRA         L_main4
0x00A2	0x0000      	NOP
;main.c,29 :: 		}
0x00A4	0xD7E3      	BRA         L_main0
;main.c,30 :: 		}
L_end_main:
0x00A6	0xD7FF      	BRA         $+0
; end of _main
Symbol List:
//** Routines locations **
//ADDRESS    SIZE    PROCEDURE
//----------------------------------------------
0x0008      [54]    _interrupt
0x003E      [16]    ___CC2DW
0x004E      [90]    _main
//** Variables locations ** 
//ADDRESS    SIZE    VARIABLE
//----------------------------------------------
0x0000       [1]    R0
0x0001       [1]    R1
0x0002       [1]    R2
0x0003       [1]    R3
0x0004       [1]    R4
0x0005       [1]    R5
0x0006       [1]    R6
0x0007       [1]    R7
0x0008       [1]    R8
0x0009       [1]    R9
0x000A       [1]    R10
0x000B       [1]    R11
0x000C       [1]    R12
0x000D       [1]    R13
0x000E       [1]    R14
0x000F       [1]    R15
0x0010       [1]    R16
0x0011       [1]    R17
0x0012       [1]    R18
0x0013       [1]    R19
0x0014       [1]    R20
0x0016       [2]    _state
0x0F81       [1]    PORTB
0x0F93       [1]    TRISB
0x0FA0       [0]    TMR3IE_bit
0x0FA1       [0]    TMR3IF_bit
0x0FB1       [1]    T3CON
0x0FB2       [1]    TMR3L
0x0FB3       [1]    TMR3H
0x0FCD       [0]    T1OSCEN_bit
0x0FD8       [1]    STATUS
0x0FD9       [1]    FSR2L
0x0FDA       [1]    FSR2H
0x0FDE       [1]    POSTINC2
0x0FE0       [1]    BSR
0x0FE1       [1]    FSR1L
0x0FE2       [1]    FSR1H
0x0FE4       [1]    PREINC1
0x0FE6       [1]    POSTINC1
0x0FE7       [1]    INDF1
0x0FE8       [1]    WREG
0x0FE9       [1]    FSR0L
0x0FEA       [1]    FSR0H
0x0FEE       [1]    POSTINC0
0x0FF2       [0]    PEIE_bit
0x0FF2       [0]    GIE_bit
0x0FF3       [1]    PRODL
0x0FF4       [1]    PRODH
0x0FF5       [1]    TABLAT
0x0FF6       [1]    TBLPTRL
0x0FF7       [1]    TBLPTRH
0x0FF8       [1]    TBLPTRU
