;  LST file generated by mikroListExporter - v.2.0 
; Date/Time: 5/2/2023 12:42:46 AM
;----------------------------------------------

;Address Opcode 	ASM
0x0000	0xF000EFF5  	GOTO        490
0x0004	0x0000      	NOP
0x0006	0x0000      	NOP
0x0008	0xF000EF00  	GOTO        0
0x000C	0x0000      	NOP
0x000E	0x0000      	NOP
0x0010	0x0000      	NOP
0x0012	0x0000      	NOP
0x0014	0x0000      	NOP
0x0016	0x0000      	NOP
0x0018	0xD7F3      	BRA         0
_Delay_1us:
;__Lib_Delays.c,7 :: 		void Delay_1us() {
;__Lib_Delays.c,8 :: 		Delay_us(1);
0x001C	0x0000      	NOP
0x001E	0x0000      	NOP
;__Lib_Delays.c,9 :: 		}
L_end_Delay_1us:
0x0020	0x0012      	RETURN      0
; end of _Delay_1us
_Delay_5500us:
;__Lib_Delays.c,31 :: 		void Delay_5500us() {
;__Lib_Delays.c,32 :: 		Delay_us(5500);
0x0022	0x0E0F      	MOVLW       15
0x0024	0x6E0C      	MOVWF       R12, 0
0x0026	0x0E47      	MOVLW       71
0x0028	0x6E0D      	MOVWF       R13, 0
L_Delay_5500us5:
0x002A	0x2E0D      	DECFSZ      R13, 1, 0
0x002C	0xD7FE      	BRA         L_Delay_5500us5
0x002E	0x2E0C      	DECFSZ      R12, 1, 0
0x0030	0xD7FC      	BRA         L_Delay_5500us5
0x0032	0x0000      	NOP
0x0034	0x0000      	NOP
;__Lib_Delays.c,33 :: 		}
L_end_Delay_5500us:
0x0036	0x0012      	RETURN      0
; end of _Delay_5500us
_Delay_50us:
;__Lib_Delays.c,19 :: 		void Delay_50us() {
;__Lib_Delays.c,20 :: 		Delay_us(50);
0x0038	0x0E21      	MOVLW       33
0x003A	0x6E0D      	MOVWF       R13, 0
L_Delay_50us2:
0x003C	0x2E0D      	DECFSZ      R13, 1, 0
0x003E	0xD7FE      	BRA         L_Delay_50us2
;__Lib_Delays.c,21 :: 		}
L_end_Delay_50us:
0x0040	0x0012      	RETURN      0
; end of _Delay_50us
_Lcd_Cmd:
;__Lib_Lcd.c,18 :: 		
;__Lib_Lcd.c,20 :: 		
0x0042	0xBE7E      	BTFSC       FARG_Lcd_Cmd_out_char, 7 
0x0044	0xD002      	BRA         L__Lcd_Cmd21
0x0046	0x9682      	BCF         LCD_D7, BitPos(LCD_D7+0) 
0x0048	0xD001      	BRA         L__Lcd_Cmd22
L__Lcd_Cmd21:
0x004A	0x8682      	BSF         LCD_D7, BitPos(LCD_D7+0) 
L__Lcd_Cmd22:
;__Lib_Lcd.c,21 :: 		
0x004C	0xBC7E      	BTFSC       FARG_Lcd_Cmd_out_char, 6 
0x004E	0xD002      	BRA         L__Lcd_Cmd23
0x0050	0x9482      	BCF         LCD_D6, BitPos(LCD_D6+0) 
0x0052	0xD001      	BRA         L__Lcd_Cmd24
L__Lcd_Cmd23:
0x0054	0x8482      	BSF         LCD_D6, BitPos(LCD_D6+0) 
L__Lcd_Cmd24:
;__Lib_Lcd.c,22 :: 		
0x0056	0xBA7E      	BTFSC       FARG_Lcd_Cmd_out_char, 5 
0x0058	0xD002      	BRA         L__Lcd_Cmd25
0x005A	0x9282      	BCF         LCD_D5, BitPos(LCD_D5+0) 
0x005C	0xD001      	BRA         L__Lcd_Cmd26
L__Lcd_Cmd25:
0x005E	0x8282      	BSF         LCD_D5, BitPos(LCD_D5+0) 
L__Lcd_Cmd26:
;__Lib_Lcd.c,23 :: 		
0x0060	0xB87E      	BTFSC       FARG_Lcd_Cmd_out_char, 4 
0x0062	0xD002      	BRA         L__Lcd_Cmd27
0x0064	0x9082      	BCF         LCD_D4, BitPos(LCD_D4+0) 
0x0066	0xD001      	BRA         L__Lcd_Cmd28
L__Lcd_Cmd27:
0x0068	0x8082      	BSF         LCD_D4, BitPos(LCD_D4+0) 
L__Lcd_Cmd28:
;__Lib_Lcd.c,25 :: 		
0x006A	0xB077      	BTFSC       __Lib_Lcd_cmd_status, BitPos(__Lib_Lcd_cmd_status+0) 
0x006C	0xD002      	BRA         L__Lcd_Cmd29
0x006E	0x8882      	BSF         LCD_RS, BitPos(LCD_RS+0) 
0x0070	0xD001      	BRA         L__Lcd_Cmd30
L__Lcd_Cmd29:
0x0072	0x9882      	BCF         LCD_RS, BitPos(LCD_RS+0) 
L__Lcd_Cmd30:
;__Lib_Lcd.c,28 :: 		
0x0074	0x8A82      	BSF         LCD_EN, BitPos(LCD_EN+0) 
;__Lib_Lcd.c,29 :: 		
0x0076	0xDFD2      	RCALL       _Delay_1us
;__Lib_Lcd.c,30 :: 		
0x0078	0x9A82      	BCF         LCD_EN, BitPos(LCD_EN+0) 
;__Lib_Lcd.c,33 :: 		
0x007A	0xB67E      	BTFSC       FARG_Lcd_Cmd_out_char, 3 
0x007C	0xD002      	BRA         L__Lcd_Cmd31
0x007E	0x9682      	BCF         LCD_D7, BitPos(LCD_D7+0) 
0x0080	0xD001      	BRA         L__Lcd_Cmd32
L__Lcd_Cmd31:
0x0082	0x8682      	BSF         LCD_D7, BitPos(LCD_D7+0) 
L__Lcd_Cmd32:
;__Lib_Lcd.c,34 :: 		
0x0084	0xB47E      	BTFSC       FARG_Lcd_Cmd_out_char, 2 
0x0086	0xD002      	BRA         L__Lcd_Cmd33
0x0088	0x9482      	BCF         LCD_D6, BitPos(LCD_D6+0) 
0x008A	0xD001      	BRA         L__Lcd_Cmd34
L__Lcd_Cmd33:
0x008C	0x8482      	BSF         LCD_D6, BitPos(LCD_D6+0) 
L__Lcd_Cmd34:
;__Lib_Lcd.c,35 :: 		
0x008E	0xB27E      	BTFSC       FARG_Lcd_Cmd_out_char, 1 
0x0090	0xD002      	BRA         L__Lcd_Cmd35
0x0092	0x9282      	BCF         LCD_D5, BitPos(LCD_D5+0) 
0x0094	0xD001      	BRA         L__Lcd_Cmd36
L__Lcd_Cmd35:
0x0096	0x8282      	BSF         LCD_D5, BitPos(LCD_D5+0) 
L__Lcd_Cmd36:
;__Lib_Lcd.c,36 :: 		
0x0098	0xB07E      	BTFSC       FARG_Lcd_Cmd_out_char, 0 
0x009A	0xD002      	BRA         L__Lcd_Cmd37
0x009C	0x9082      	BCF         LCD_D4, BitPos(LCD_D4+0) 
0x009E	0xD001      	BRA         L__Lcd_Cmd38
L__Lcd_Cmd37:
0x00A0	0x8082      	BSF         LCD_D4, BitPos(LCD_D4+0) 
L__Lcd_Cmd38:
;__Lib_Lcd.c,38 :: 		
0x00A2	0xB077      	BTFSC       __Lib_Lcd_cmd_status, BitPos(__Lib_Lcd_cmd_status+0) 
0x00A4	0xD002      	BRA         L__Lcd_Cmd39
0x00A6	0x8882      	BSF         LCD_RS, BitPos(LCD_RS+0) 
0x00A8	0xD001      	BRA         L__Lcd_Cmd40
L__Lcd_Cmd39:
0x00AA	0x9882      	BCF         LCD_RS, BitPos(LCD_RS+0) 
L__Lcd_Cmd40:
;__Lib_Lcd.c,40 :: 		
0x00AC	0x8A82      	BSF         LCD_EN, BitPos(LCD_EN+0) 
;__Lib_Lcd.c,41 :: 		
0x00AE	0xDFB6      	RCALL       _Delay_1us
;__Lib_Lcd.c,42 :: 		
0x00B0	0x9A82      	BCF         LCD_EN, BitPos(LCD_EN+0) 
;__Lib_Lcd.c,44 :: 		
0x00B2	0xA077      	BTFSS       __Lib_Lcd_cmd_status, BitPos(__Lib_Lcd_cmd_status+0) 
0x00B4	0xD002      	BRA         L_Lcd_Cmd0
;__Lib_Lcd.c,45 :: 		
0x00B6	0xDFB5      	RCALL       _Delay_5500us
0x00B8	0xD001      	BRA         L_Lcd_Cmd1
L_Lcd_Cmd0:
;__Lib_Lcd.c,47 :: 		
0x00BA	0xDFBE      	RCALL       _Delay_50us
L_Lcd_Cmd1:
;__Lib_Lcd.c,48 :: 		
L_end_Lcd_Cmd:
0x00BC	0x0012      	RETURN      0
; end of _Lcd_Cmd
_Lcd_Chr_CP:
;__Lib_Lcd.c,50 :: 		
;__Lib_Lcd.c,52 :: 		
0x00BE	0x9077      	BCF         __Lib_Lcd_cmd_status, BitPos(__Lib_Lcd_cmd_status+0) 
;__Lib_Lcd.c,53 :: 		
0x00C0	0xF07EC07D  	MOVFF       FARG_Lcd_Chr_CP_out_char, FARG_Lcd_Cmd_out_char
0x00C4	0xDFBE      	RCALL       _Lcd_Cmd
;__Lib_Lcd.c,54 :: 		
0x00C6	0x8077      	BSF         __Lib_Lcd_cmd_status, BitPos(__Lib_Lcd_cmd_status+0) 
;__Lib_Lcd.c,55 :: 		
L_end_Lcd_Chr_CP:
0x00C8	0x0012      	RETURN      0
; end of _Lcd_Chr_CP
___CC2DW:
;__Lib_System.c,21 :: 		
;__Lib_System.c,23 :: 		
_CC2DL_Loop1:
;__Lib_System.c,24 :: 		
0x00CA	0x0009      	TBLRD*+
;__Lib_System.c,25 :: 		
0x00CC	0xFFE6CFF5  	MOVFF       TABLAT, POSTINC1
;__Lib_System.c,26 :: 		
0x00D0	0x0600      	DECF        R0, 1, 0
;__Lib_System.c,27 :: 		
0x00D2	0xE1FB      	BNZ         _CC2DL_Loop1
;__Lib_System.c,28 :: 		
0x00D4	0x0601      	DECF        R1, 1, 0
;__Lib_System.c,29 :: 		
0x00D6	0xE1F9      	BNZ         _CC2DL_Loop1
;__Lib_System.c,31 :: 		
L_end___CC2DW:
0x00D8	0x0012      	RETURN      0
; end of ___CC2DW
_Lcd_Init:
;__Lib_Lcd.c,84 :: 		
;__Lib_Lcd.c,86 :: 		
0x00DA	0x9A94      	BCF         LCD_EN_Direction, BitPos(LCD_EN_Direction+0) 
;__Lib_Lcd.c,87 :: 		
0x00DC	0x9894      	BCF         LCD_RS_Direction, BitPos(LCD_RS_Direction+0) 
;__Lib_Lcd.c,88 :: 		
0x00DE	0x9094      	BCF         LCD_D4_Direction, BitPos(LCD_D4_Direction+0) 
;__Lib_Lcd.c,89 :: 		
0x00E0	0x9294      	BCF         LCD_D5_Direction, BitPos(LCD_D5_Direction+0) 
;__Lib_Lcd.c,90 :: 		
0x00E2	0x9494      	BCF         LCD_D6_Direction, BitPos(LCD_D6_Direction+0) 
;__Lib_Lcd.c,91 :: 		
0x00E4	0x9694      	BCF         LCD_D7_Direction, BitPos(LCD_D7_Direction+0) 
;__Lib_Lcd.c,93 :: 		
0x00E6	0x9A82      	BCF         LCD_EN, BitPos(LCD_EN+0) 
;__Lib_Lcd.c,94 :: 		
0x00E8	0x9882      	BCF         LCD_RS, BitPos(LCD_RS+0) 
;__Lib_Lcd.c,95 :: 		
0x00EA	0x9682      	BCF         LCD_D7, BitPos(LCD_D7+0) 
;__Lib_Lcd.c,96 :: 		
0x00EC	0x9482      	BCF         LCD_D6, BitPos(LCD_D6+0) 
;__Lib_Lcd.c,97 :: 		
0x00EE	0x9282      	BCF         LCD_D5, BitPos(LCD_D5+0) 
;__Lib_Lcd.c,98 :: 		
0x00F0	0x9082      	BCF         LCD_D4, BitPos(LCD_D4+0) 
;__Lib_Lcd.c,100 :: 		
0x00F2	0xDF97      	RCALL       _Delay_5500us
;__Lib_Lcd.c,101 :: 		
0x00F4	0xDF96      	RCALL       _Delay_5500us
;__Lib_Lcd.c,102 :: 		
0x00F6	0xDF95      	RCALL       _Delay_5500us
;__Lib_Lcd.c,105 :: 		
0x00F8	0x8282      	BSF         LCD_D5, BitPos(LCD_D5+0) 
;__Lib_Lcd.c,106 :: 		
0x00FA	0x8082      	BSF         LCD_D4, BitPos(LCD_D4+0) 
;__Lib_Lcd.c,107 :: 		
0x00FC	0x8A82      	BSF         LCD_EN, BitPos(LCD_EN+0) 
;__Lib_Lcd.c,108 :: 		
0x00FE	0xDF8E      	RCALL       _Delay_1us
;__Lib_Lcd.c,109 :: 		
0x0100	0x9A82      	BCF         LCD_EN, BitPos(LCD_EN+0) 
;__Lib_Lcd.c,110 :: 		
0x0102	0xDF8F      	RCALL       _Delay_5500us
;__Lib_Lcd.c,112 :: 		
0x0104	0x8A82      	BSF         LCD_EN, BitPos(LCD_EN+0) 
;__Lib_Lcd.c,113 :: 		
0x0106	0xDF8A      	RCALL       _Delay_1us
;__Lib_Lcd.c,114 :: 		
0x0108	0x9A82      	BCF         LCD_EN, BitPos(LCD_EN+0) 
;__Lib_Lcd.c,115 :: 		
0x010A	0xDF8B      	RCALL       _Delay_5500us
;__Lib_Lcd.c,117 :: 		
0x010C	0x8A82      	BSF         LCD_EN, BitPos(LCD_EN+0) 
;__Lib_Lcd.c,118 :: 		
0x010E	0xDF86      	RCALL       _Delay_1us
;__Lib_Lcd.c,119 :: 		
0x0110	0x9A82      	BCF         LCD_EN, BitPos(LCD_EN+0) 
;__Lib_Lcd.c,120 :: 		
0x0112	0xDF87      	RCALL       _Delay_5500us
;__Lib_Lcd.c,123 :: 		
0x0114	0x9082      	BCF         LCD_D4, BitPos(LCD_D4+0) 
;__Lib_Lcd.c,124 :: 		
0x0116	0x8A82      	BSF         LCD_EN, BitPos(LCD_EN+0) 
;__Lib_Lcd.c,125 :: 		
0x0118	0xDF81      	RCALL       _Delay_1us
;__Lib_Lcd.c,126 :: 		
0x011A	0x9A82      	BCF         LCD_EN, BitPos(LCD_EN+0) 
;__Lib_Lcd.c,127 :: 		
0x011C	0xDF82      	RCALL       _Delay_5500us
;__Lib_Lcd.c,130 :: 		
0x011E	0x8A82      	BSF         LCD_EN, BitPos(LCD_EN+0) 
;__Lib_Lcd.c,131 :: 		
0x0120	0xDF7D      	RCALL       _Delay_1us
;__Lib_Lcd.c,132 :: 		
0x0122	0x9A82      	BCF         LCD_EN, BitPos(LCD_EN+0) 
;__Lib_Lcd.c,134 :: 		
0x0124	0x9282      	BCF         LCD_D5, BitPos(LCD_D5+0) 
;__Lib_Lcd.c,135 :: 		
0x0126	0x8682      	BSF         LCD_D7, BitPos(LCD_D7+0) 
;__Lib_Lcd.c,136 :: 		
0x0128	0x8A82      	BSF         LCD_EN, BitPos(LCD_EN+0) 
;__Lib_Lcd.c,137 :: 		
0x012A	0xDF78      	RCALL       _Delay_1us
;__Lib_Lcd.c,138 :: 		
0x012C	0x9A82      	BCF         LCD_EN, BitPos(LCD_EN+0) 
;__Lib_Lcd.c,139 :: 		
0x012E	0xDF79      	RCALL       _Delay_5500us
;__Lib_Lcd.c,142 :: 		
0x0130	0x9682      	BCF         LCD_D7, BitPos(LCD_D7+0) 
;__Lib_Lcd.c,143 :: 		
0x0132	0x8082      	BSF         LCD_D4, BitPos(LCD_D4+0) 
;__Lib_Lcd.c,144 :: 		
0x0134	0x8A82      	BSF         LCD_EN, BitPos(LCD_EN+0) 
;__Lib_Lcd.c,145 :: 		
0x0136	0xDF72      	RCALL       _Delay_1us
;__Lib_Lcd.c,146 :: 		
0x0138	0x9A82      	BCF         LCD_EN, BitPos(LCD_EN+0) 
;__Lib_Lcd.c,148 :: 		
0x013A	0x9082      	BCF         LCD_D4, BitPos(LCD_D4+0) 
;__Lib_Lcd.c,149 :: 		
0x013C	0x8A82      	BSF         LCD_EN, BitPos(LCD_EN+0) 
;__Lib_Lcd.c,150 :: 		
0x013E	0xDF6E      	RCALL       _Delay_1us
;__Lib_Lcd.c,151 :: 		
0x0140	0x9A82      	BCF         LCD_EN, BitPos(LCD_EN+0) 
;__Lib_Lcd.c,152 :: 		
0x0142	0xDF6F      	RCALL       _Delay_5500us
;__Lib_Lcd.c,155 :: 		
0x0144	0x8A82      	BSF         LCD_EN, BitPos(LCD_EN+0) 
;__Lib_Lcd.c,156 :: 		
0x0146	0xDF6A      	RCALL       _Delay_1us
;__Lib_Lcd.c,157 :: 		
0x0148	0x9A82      	BCF         LCD_EN, BitPos(LCD_EN+0) 
;__Lib_Lcd.c,159 :: 		
0x014A	0x8082      	BSF         LCD_D4, BitPos(LCD_D4+0) 
;__Lib_Lcd.c,160 :: 		
0x014C	0x8A82      	BSF         LCD_EN, BitPos(LCD_EN+0) 
;__Lib_Lcd.c,161 :: 		
0x014E	0xDF66      	RCALL       _Delay_1us
;__Lib_Lcd.c,162 :: 		
0x0150	0x9A82      	BCF         LCD_EN, BitPos(LCD_EN+0) 
;__Lib_Lcd.c,163 :: 		
0x0152	0xDF67      	RCALL       _Delay_5500us
;__Lib_Lcd.c,166 :: 		
0x0154	0x9082      	BCF         LCD_D4, BitPos(LCD_D4+0) 
;__Lib_Lcd.c,167 :: 		
0x0156	0x8A82      	BSF         LCD_EN, BitPos(LCD_EN+0) 
;__Lib_Lcd.c,168 :: 		
0x0158	0xDF61      	RCALL       _Delay_1us
;__Lib_Lcd.c,169 :: 		
0x015A	0x9A82      	BCF         LCD_EN, BitPos(LCD_EN+0) 
;__Lib_Lcd.c,171 :: 		
0x015C	0x8682      	BSF         LCD_D7, BitPos(LCD_D7+0) 
;__Lib_Lcd.c,172 :: 		
0x015E	0x8482      	BSF         LCD_D6, BitPos(LCD_D6+0) 
;__Lib_Lcd.c,173 :: 		
0x0160	0x8282      	BSF         LCD_D5, BitPos(LCD_D5+0) 
;__Lib_Lcd.c,174 :: 		
0x0162	0x8082      	BSF         LCD_D4, BitPos(LCD_D4+0) 
;__Lib_Lcd.c,175 :: 		
0x0164	0x8A82      	BSF         LCD_EN, BitPos(LCD_EN+0) 
;__Lib_Lcd.c,176 :: 		
0x0166	0xDF5A      	RCALL       _Delay_1us
;__Lib_Lcd.c,177 :: 		
0x0168	0x9A82      	BCF         LCD_EN, BitPos(LCD_EN+0) 
;__Lib_Lcd.c,179 :: 		
0x016A	0xDF5B      	RCALL       _Delay_5500us
;__Lib_Lcd.c,181 :: 		
0x016C	0x8077      	BSF         __Lib_Lcd_cmd_status, BitPos(__Lib_Lcd_cmd_status+0) 
;__Lib_Lcd.c,182 :: 		
L_end_Lcd_Init:
0x016E	0x0012      	RETURN      0
; end of _Lcd_Init
_Lcd_Out:
;__Lib_Lcd.c,184 :: 		
;__Lib_Lcd.c,187 :: 		
0x0170	0xD00F      	BRA         L_Lcd_Out11
;__Lib_Lcd.c,188 :: 		
L_Lcd_Out13:
0x0172	0x0E80      	MOVLW       128
0x0174	0x6E78      	MOVWF       FARG_Lcd_Out_row 
0x0176	0xD019      	BRA         L_Lcd_Out12
;__Lib_Lcd.c,189 :: 		
L_Lcd_Out14:
0x0178	0x0EC0      	MOVLW       192
0x017A	0x6E78      	MOVWF       FARG_Lcd_Out_row 
0x017C	0xD016      	BRA         L_Lcd_Out12
;__Lib_Lcd.c,190 :: 		
L_Lcd_Out15:
0x017E	0x0E94      	MOVLW       148
0x0180	0x6E78      	MOVWF       FARG_Lcd_Out_row 
0x0182	0xD013      	BRA         L_Lcd_Out12
;__Lib_Lcd.c,191 :: 		
L_Lcd_Out16:
0x0184	0x0ED4      	MOVLW       212
0x0186	0x6E78      	MOVWF       FARG_Lcd_Out_row 
0x0188	0xD010      	BRA         L_Lcd_Out12
;__Lib_Lcd.c,192 :: 		
L_Lcd_Out17:
0x018A	0x0E80      	MOVLW       128
0x018C	0x6E78      	MOVWF       FARG_Lcd_Out_row 
;__Lib_Lcd.c,193 :: 		
0x018E	0xD00D      	BRA         L_Lcd_Out12
L_Lcd_Out11:
0x0190	0x5078      	MOVF        FARG_Lcd_Out_row, 0 
0x0192	0x0A01      	XORLW       1
0x0194	0xE0EE      	BZ          L_Lcd_Out13
0x0196	0x5078      	MOVF        FARG_Lcd_Out_row, 0 
0x0198	0x0A02      	XORLW       2
0x019A	0xE0EE      	BZ          L_Lcd_Out14
0x019C	0x5078      	MOVF        FARG_Lcd_Out_row, 0 
0x019E	0x0A03      	XORLW       3
0x01A0	0xE0EE      	BZ          L_Lcd_Out15
0x01A2	0x5078      	MOVF        FARG_Lcd_Out_row, 0 
0x01A4	0x0A04      	XORLW       4
0x01A6	0xE0EE      	BZ          L_Lcd_Out16
0x01A8	0xD7F0      	BRA         L_Lcd_Out17
L_Lcd_Out12:
;__Lib_Lcd.c,194 :: 		
0x01AA	0x0479      	DECF        FARG_Lcd_Out_column, 0 
0x01AC	0x6E00      	MOVWF       R0 
0x01AE	0x5078      	MOVF        FARG_Lcd_Out_row, 0 
0x01B0	0x2600      	ADDWF       R0, 1 
0x01B2	0xF078C000  	MOVFF       R0, FARG_Lcd_Out_row
;__Lib_Lcd.c,196 :: 		
0x01B6	0xF07EC000  	MOVFF       R0, FARG_Lcd_Cmd_out_char
0x01BA	0xDF43      	RCALL       _Lcd_Cmd
;__Lib_Lcd.c,197 :: 		
0x01BC	0x9077      	BCF         __Lib_Lcd_cmd_status, BitPos(__Lib_Lcd_cmd_status+0) 
;__Lib_Lcd.c,198 :: 		
0x01BE	0x6A7C      	CLRF        Lcd_Out_i_L0 
;__Lib_Lcd.c,199 :: 		
L_Lcd_Out18:
0x01C0	0x507C      	MOVF        Lcd_Out_i_L0, 0 
0x01C2	0x247A      	ADDWF       FARG_Lcd_Out_text, 0 
0x01C4	0x6EE9      	MOVWF       FSR0L 
0x01C6	0x0E00      	MOVLW       0
0x01C8	0x207B      	ADDWFC      FARG_Lcd_Out_text+1, 0 
0x01CA	0x6EEA      	MOVWF       FSR0L+1 
0x01CC	0x52EE      	MOVF        POSTINC0, 1 
0x01CE	0xE00B      	BZ          L_Lcd_Out19
;__Lib_Lcd.c,200 :: 		
0x01D0	0x507C      	MOVF        Lcd_Out_i_L0, 0 
0x01D2	0x247A      	ADDWF       FARG_Lcd_Out_text, 0 
0x01D4	0x6EE9      	MOVWF       FSR0L 
0x01D6	0x0E00      	MOVLW       0
0x01D8	0x207B      	ADDWFC      FARG_Lcd_Out_text+1, 0 
0x01DA	0x6EEA      	MOVWF       FSR0L+1 
0x01DC	0xF07DCFEE  	MOVFF       POSTINC0, FARG_Lcd_Chr_CP_out_char
0x01E0	0xDF6E      	RCALL       _Lcd_Chr_CP
0x01E2	0x2A7C      	INCF        Lcd_Out_i_L0, 1 
0x01E4	0xD7ED      	BRA         L_Lcd_Out18
L_Lcd_Out19:
;__Lib_Lcd.c,201 :: 		
0x01E6	0x8077      	BSF         __Lib_Lcd_cmd_status, BitPos(__Lib_Lcd_cmd_status+0) 
;__Lib_Lcd.c,202 :: 		
L_end_Lcd_Out:
0x01E8	0x0012      	RETURN      0
; end of _Lcd_Out
_main:
0x01EA	0xF001EC92  	CALL        804, 0
;main.c,14 :: 		void main()
;main.c,16 :: 		LCD_init();
0x01EE	0xDF75      	RCALL       _Lcd_Init
;main.c,17 :: 		TRISD=0x07;
0x01F0	0x0E07      	MOVLW       7
0x01F2	0x6E95      	MOVWF       TRISD 
;main.c,18 :: 		PORTD=0;
0x01F4	0x6A83      	CLRF        PORTD 
;main.c,19 :: 		LCD_CMD(_lcd_cursor_off);
0x01F6	0x0E0C      	MOVLW       12
0x01F8	0x6E7E      	MOVWF       FARG_Lcd_Cmd_out_char 
0x01FA	0xDF23      	RCALL       _Lcd_Cmd
;main.c,20 :: 		LCD_CMD(_LCD_Clear);
0x01FC	0x0E01      	MOVLW       1
0x01FE	0x6E7E      	MOVWF       FARG_Lcd_Cmd_out_char 
0x0200	0xDF20      	RCALL       _Lcd_Cmd
;main.c,21 :: 		LCD_Out(1,6,"Waiting");
0x0202	0x0E01      	MOVLW       1
0x0204	0x6E78      	MOVWF       FARG_Lcd_Out_row 
0x0206	0x0E06      	MOVLW       6
0x0208	0x6E79      	MOVWF       FARG_Lcd_Out_column 
0x020A	0x0E63      	MOVLW       ?lstr1_main
0x020C	0x6E7A      	MOVWF       FARG_Lcd_Out_text 
0x020E	0x0E00      	MOVLW       hi_addr(?lstr1_main)
0x0210	0x6E7B      	MOVWF       FARG_Lcd_Out_text+1 
0x0212	0xDFAE      	RCALL       _Lcd_Out
;main.c,22 :: 		LCD_Out(2,4,"to press SW");
0x0214	0x0E02      	MOVLW       2
0x0216	0x6E78      	MOVWF       FARG_Lcd_Out_row 
0x0218	0x0E04      	MOVLW       4
0x021A	0x6E79      	MOVWF       FARG_Lcd_Out_column 
0x021C	0x0E6B      	MOVLW       ?lstr2_main
0x021E	0x6E7A      	MOVWF       FARG_Lcd_Out_text 
0x0220	0x0E00      	MOVLW       hi_addr(?lstr2_main)
0x0222	0x6E7B      	MOVWF       FARG_Lcd_Out_text+1 
0x0224	0xDFA5      	RCALL       _Lcd_Out
;main.c,23 :: 		while(1)
L_main0:
;main.c,25 :: 		if(portd.B0==1)
0x0226	0xA083      	BTFSS       PORTD, 0 
0x0228	0xD01B      	BRA         L_main2
;main.c,26 :: 		{ while(portd.B0==1);
L_main3:
0x022A	0xA083      	BTFSS       PORTD, 0 
0x022C	0xD001      	BRA         L_main4
0x022E	0xD7FD      	BRA         L_main3
L_main4:
;main.c,27 :: 		portd.b4=1;
0x0230	0x8883      	BSF         PORTD, 4 
;main.c,28 :: 		portd.b3=0;
0x0232	0x9683      	BCF         PORTD, 3 
;main.c,29 :: 		LCD_CMD(_LCD_Clear);
0x0234	0x0E01      	MOVLW       1
0x0236	0x6E7E      	MOVWF       FARG_Lcd_Cmd_out_char 
0x0238	0xDF04      	RCALL       _Lcd_Cmd
;main.c,30 :: 		LCD_Out(1,1,"Motor state: ON");
0x023A	0x0E01      	MOVLW       1
0x023C	0x6E78      	MOVWF       FARG_Lcd_Out_row 
0x023E	0x0E01      	MOVLW       1
0x0240	0x6E79      	MOVWF       FARG_Lcd_Out_column 
0x0242	0x0E53      	MOVLW       ?lstr3_main
0x0244	0x6E7A      	MOVWF       FARG_Lcd_Out_text 
0x0246	0x0E00      	MOVLW       hi_addr(?lstr3_main)
0x0248	0x6E7B      	MOVWF       FARG_Lcd_Out_text+1 
0x024A	0xDF92      	RCALL       _Lcd_Out
;main.c,31 :: 		LCD_Out(2,1,"Direction: CCW");
0x024C	0x0E02      	MOVLW       2
0x024E	0x6E78      	MOVWF       FARG_Lcd_Out_row 
0x0250	0x0E01      	MOVLW       1
0x0252	0x6E79      	MOVWF       FARG_Lcd_Out_column 
0x0254	0x0E15      	MOVLW       ?lstr4_main
0x0256	0x6E7A      	MOVWF       FARG_Lcd_Out_text 
0x0258	0x0E00      	MOVLW       hi_addr(?lstr4_main)
0x025A	0x6E7B      	MOVWF       FARG_Lcd_Out_text+1 
0x025C	0xDF89      	RCALL       _Lcd_Out
;main.c,32 :: 		}
0x025E	0xD01C      	BRA         L_main5
L_main2:
;main.c,33 :: 		else if(portd.B1)
0x0260	0xA283      	BTFSS       PORTD, 1 
0x0262	0xD01A      	BRA         L_main6
;main.c,34 :: 		{ while(portd.B1);
L_main7:
0x0264	0xA283      	BTFSS       PORTD, 1 
0x0266	0xD001      	BRA         L_main8
0x0268	0xD7FD      	BRA         L_main7
L_main8:
;main.c,35 :: 		portd.b3=1;
0x026A	0x8683      	BSF         PORTD, 3 
;main.c,36 :: 		portd.b4=0;
0x026C	0x9883      	BCF         PORTD, 4 
;main.c,37 :: 		LCD_CMD(_LCD_Clear);
0x026E	0x0E01      	MOVLW       1
0x0270	0x6E7E      	MOVWF       FARG_Lcd_Cmd_out_char 
0x0272	0xDEE7      	RCALL       _Lcd_Cmd
;main.c,38 :: 		LCD_Out(1,1,"Motor state: ON");
0x0274	0x0E01      	MOVLW       1
0x0276	0x6E78      	MOVWF       FARG_Lcd_Out_row 
0x0278	0x0E01      	MOVLW       1
0x027A	0x6E79      	MOVWF       FARG_Lcd_Out_column 
0x027C	0x0E24      	MOVLW       ?lstr5_main
0x027E	0x6E7A      	MOVWF       FARG_Lcd_Out_text 
0x0280	0x0E00      	MOVLW       hi_addr(?lstr5_main)
0x0282	0x6E7B      	MOVWF       FARG_Lcd_Out_text+1 
0x0284	0xDF75      	RCALL       _Lcd_Out
;main.c,39 :: 		LCD_Out(2,1,"Direction: CW");
0x0286	0x0E02      	MOVLW       2
0x0288	0x6E78      	MOVWF       FARG_Lcd_Out_row 
0x028A	0x0E01      	MOVLW       1
0x028C	0x6E79      	MOVWF       FARG_Lcd_Out_column 
0x028E	0x0E45      	MOVLW       ?lstr6_main
0x0290	0x6E7A      	MOVWF       FARG_Lcd_Out_text 
0x0292	0x0E00      	MOVLW       hi_addr(?lstr6_main)
0x0294	0x6E7B      	MOVWF       FARG_Lcd_Out_text+1 
0x0296	0xDF6C      	RCALL       _Lcd_Out
;main.c,40 :: 		}
L_main6:
L_main5:
;main.c,41 :: 		if(portd.B2)
0x0298	0xA483      	BTFSS       PORTD, 2 
0x029A	0xD011      	BRA         L_main9
;main.c,42 :: 		{ while(portd.B2);
L_main10:
0x029C	0xA483      	BTFSS       PORTD, 2 
0x029E	0xD001      	BRA         L_main11
0x02A0	0xD7FD      	BRA         L_main10
L_main11:
;main.c,43 :: 		portd.b4=0;
0x02A2	0x9883      	BCF         PORTD, 4 
;main.c,44 :: 		portd.b3=0;
0x02A4	0x9683      	BCF         PORTD, 3 
;main.c,45 :: 		LCD_CMD(_LCD_Clear);
0x02A6	0x0E01      	MOVLW       1
0x02A8	0x6E7E      	MOVWF       FARG_Lcd_Cmd_out_char 
0x02AA	0xDECB      	RCALL       _Lcd_Cmd
;main.c,46 :: 		LCD_Out(1,1,"Motor state: OFF");
0x02AC	0x0E01      	MOVLW       1
0x02AE	0x6E78      	MOVWF       FARG_Lcd_Out_row 
0x02B0	0x0E01      	MOVLW       1
0x02B2	0x6E79      	MOVWF       FARG_Lcd_Out_column 
0x02B4	0x0E34      	MOVLW       ?lstr7_main
0x02B6	0x6E7A      	MOVWF       FARG_Lcd_Out_text 
0x02B8	0x0E00      	MOVLW       hi_addr(?lstr7_main)
0x02BA	0x6E7B      	MOVWF       FARG_Lcd_Out_text+1 
0x02BC	0xDF59      	RCALL       _Lcd_Out
;main.c,47 :: 		} } }
L_main9:
0x02BE	0xD7B3      	BRA         L_main0
L_end_main:
0x02C0	0xD7FF      	BRA         $+0
; end of _main
0x0324	0xF015EE10  	LFSR        1, 21
0x0328	0x0E62      	MOVLW       98
0x032A	0x6E00      	MOVWF       R0 
0x032C	0x0E01      	MOVLW       1
0x032E	0x6E01      	MOVWF       R1 
0x0330	0x0EC2      	MOVLW       194
0x0332	0x6EF6      	MOVWF       4086 
0x0334	0x0E02      	MOVLW       2
0x0336	0x6EF7      	MOVWF       TBLPTRH 
0x0338	0x0E00      	MOVLW       0
0x033A	0x6EF8      	MOVWF       TBLPTRU 
0x033C	0xF000EC65  	CALL        202, 0
0x0340	0x0012      	RETURN      0
;main.c,0 :: ?ICS?lstr4_main
0x02C2	0x6944 ;?ICS?lstr4_main+0
0x02C4	0x6572 ;?ICS?lstr4_main+2
0x02C6	0x7463 ;?ICS?lstr4_main+4
0x02C8	0x6F69 ;?ICS?lstr4_main+6
0x02CA	0x3A6E ;?ICS?lstr4_main+8
0x02CC	0x4320 ;?ICS?lstr4_main+10
0x02CE	0x5743 ;?ICS?lstr4_main+12
0x02D0	0x00 ;?ICS?lstr4_main+14
; end of ?ICS?lstr4_main
;main.c,0 :: ?ICS?lstr5_main
0x02D1	0x6F4D ;?ICS?lstr5_main+0
0x02D3	0x6F74 ;?ICS?lstr5_main+2
0x02D5	0x2072 ;?ICS?lstr5_main+4
0x02D7	0x7473 ;?ICS?lstr5_main+6
0x02D9	0x7461 ;?ICS?lstr5_main+8
0x02DB	0x3A65 ;?ICS?lstr5_main+10
0x02DD	0x4F20 ;?ICS?lstr5_main+12
0x02DF	0x004E ;?ICS?lstr5_main+14
; end of ?ICS?lstr5_main
;main.c,0 :: ?ICS?lstr7_main
0x02E1	0x6F4D ;?ICS?lstr7_main+0
0x02E3	0x6F74 ;?ICS?lstr7_main+2
0x02E5	0x2072 ;?ICS?lstr7_main+4
0x02E7	0x7473 ;?ICS?lstr7_main+6
0x02E9	0x7461 ;?ICS?lstr7_main+8
0x02EB	0x3A65 ;?ICS?lstr7_main+10
0x02ED	0x4F20 ;?ICS?lstr7_main+12
0x02EF	0x4646 ;?ICS?lstr7_main+14
0x02F1	0x00 ;?ICS?lstr7_main+16
; end of ?ICS?lstr7_main
;main.c,0 :: ?ICS?lstr6_main
0x02F2	0x6944 ;?ICS?lstr6_main+0
0x02F4	0x6572 ;?ICS?lstr6_main+2
0x02F6	0x7463 ;?ICS?lstr6_main+4
0x02F8	0x6F69 ;?ICS?lstr6_main+6
0x02FA	0x3A6E ;?ICS?lstr6_main+8
0x02FC	0x4320 ;?ICS?lstr6_main+10
0x02FE	0x0057 ;?ICS?lstr6_main+12
; end of ?ICS?lstr6_main
;main.c,0 :: ?ICS?lstr3_main
0x0300	0x6F4D ;?ICS?lstr3_main+0
0x0302	0x6F74 ;?ICS?lstr3_main+2
0x0304	0x2072 ;?ICS?lstr3_main+4
0x0306	0x7473 ;?ICS?lstr3_main+6
0x0308	0x7461 ;?ICS?lstr3_main+8
0x030A	0x3A65 ;?ICS?lstr3_main+10
0x030C	0x4F20 ;?ICS?lstr3_main+12
0x030E	0x004E ;?ICS?lstr3_main+14
; end of ?ICS?lstr3_main
;main.c,0 :: ?ICS?lstr1_main
0x0310	0x6157 ;?ICS?lstr1_main+0
0x0312	0x7469 ;?ICS?lstr1_main+2
0x0314	0x6E69 ;?ICS?lstr1_main+4
0x0316	0x0067 ;?ICS?lstr1_main+6
; end of ?ICS?lstr1_main
;main.c,0 :: ?ICS?lstr2_main
0x0318	0x6F74 ;?ICS?lstr2_main+0
0x031A	0x7020 ;?ICS?lstr2_main+2
0x031C	0x6572 ;?ICS?lstr2_main+4
0x031E	0x7373 ;?ICS?lstr2_main+6
0x0320	0x5320 ;?ICS?lstr2_main+8
0x0322	0x0057 ;?ICS?lstr2_main+10
; end of ?ICS?lstr2_main
Symbol List:
//** Routines locations **
//ADDRESS    SIZE    PROCEDURE
//----------------------------------------------
0x001C       [6]    _Delay_1us
0x0022      [22]    _Delay_5500us
0x0038      [10]    _Delay_50us
0x0042     [124]    _Lcd_Cmd
0x00BE      [12]    _Lcd_Chr_CP
0x00CA      [16]    ___CC2DW
0x00DA     [150]    _Lcd_Init
0x0170     [122]    _Lcd_Out
0x01EA     [216]    _main
//** Variables locations ** 
//ADDRESS    SIZE    VARIABLE
//----------------------------------------------
0x0000       [1]    R0
0x0001       [1]    R1
0x0002       [1]    R2
0x0003       [1]    R3
0x0004       [1]    R4
0x0005       [1]    R5
0x0006       [1]    R6
0x0007       [1]    R7
0x0008       [1]    R8
0x0009       [1]    R9
0x000A       [1]    R10
0x000B       [1]    R11
0x000C       [1]    R12
0x000D       [1]    R13
0x000E       [1]    R14
0x000F       [1]    R15
0x0010       [1]    R16
0x0011       [1]    R17
0x0012       [1]    R18
0x0013       [1]    R19
0x0014       [1]    R20
0x0015      [15]    ?lstr4_main
0x0024      [16]    ?lstr5_main
0x0034      [17]    ?lstr7_main
0x0045      [14]    ?lstr6_main
0x0053      [16]    ?lstr3_main
0x0063       [8]    ?lstr1_main
0x006B      [12]    ?lstr2_main
0x0077       [0]    __Lib_Lcd_cmd_status
0x0078       [1]    FARG_Lcd_Out_row
0x0079       [1]    FARG_Lcd_Out_column
0x007A       [2]    FARG_Lcd_Out_text
0x007C       [1]    Lcd_Out_i_L0
0x007D       [1]    FARG_Lcd_Chr_CP_out_char
0x007E       [1]    FARG_Lcd_Cmd_out_char
0x0F82       [0]    LCD_RS
0x0F82       [0]    LCD_D4
0x0F82       [0]    LCD_EN
0x0F82       [0]    LCD_D5
0x0F82       [0]    LCD_D7
0x0F82       [0]    LCD_D6
0x0F82       [1]    PORTC
0x0F82       [0]    RC2_bit
0x0F82       [0]    RC3_bit
0x0F82       [0]    RC0_bit
0x0F82       [0]    RC1_bit
0x0F82       [0]    RC5_bit
0x0F83       [1]    PORTD
0x0F94       [0]    TRISC3_bit
0x0F94       [0]    TRISC2_bit
0x0F94       [0]    TRISC5_bit
0x0F94       [0]    TRISC0_bit
0x0F94       [1]    TRISC
0x0F94       [0]    TRISC1_bit
0x0F94       [0]    LCD_D5_Direction
0x0F94       [0]    LCD_D6_Direction
0x0F94       [0]    LCD_D4_Direction
0x0F94       [0]    LCD_RS_Direction
0x0F94       [0]    LCD_EN_Direction
0x0F94       [0]    LCD_D7_Direction
0x0F95       [1]    TRISD
0x0FD8       [1]    STATUS
0x0FD9       [1]    FSR2L
0x0FDA       [1]    FSR2H
0x0FDE       [1]    POSTINC2
0x0FE0       [1]    BSR
0x0FE1       [1]    FSR1L
0x0FE2       [1]    FSR1H
0x0FE4       [1]    PREINC1
0x0FE6       [1]    POSTINC1
0x0FE7       [1]    INDF1
0x0FE8       [1]    WREG
0x0FE9       [1]    FSR0L
0x0FEA       [1]    FSR0H
0x0FEE       [1]    POSTINC0
0x0FF3       [1]    PRODL
0x0FF4       [1]    PRODH
0x0FF5       [1]    TABLAT
0x0FF6       [1]    TBLPTRL
0x0FF7       [1]    TBLPTRH
0x0FF8       [1]    TBLPTRU
//** Constants locations ** 
//ADDRESS    SIZE    CONSTANT
//----------------------------------------------
0x02C2      [15]    ?ICS?lstr4_main
0x02D1      [16]    ?ICS?lstr5_main
0x02E1      [17]    ?ICS?lstr7_main
0x02F2      [14]    ?ICS?lstr6_main
0x0300      [16]    ?ICS?lstr3_main
0x0310       [8]    ?ICS?lstr1_main
0x0318      [12]    ?ICS?lstr2_main
