;  LST file generated by mikroListExporter - v.2.0 
; Date/Time: 5/2/2023 6:26:05 AM
;----------------------------------------------

;Address Opcode 	ASM
0x0000	0xF000EF0D  	GOTO        26
_interrupt:
;main.c,18 :: 		void interrupt()
;main.c,20 :: 		if(TMR0IF_bit==1)
0x0008	0xA4F2      	BTFSS       TMR0IF_bit, BitPos(TMR0IF_bit+0) 
0x000A	0xD006      	BRA         L_interrupt3
;main.c,22 :: 		portC.b1=~portc.b1;
0x000C	0x7282      	BTG         PORTC, 1 
;main.c,23 :: 		TMR0H=0xB1;
0x000E	0x0EB1      	MOVLW       177
0x0010	0x6ED7      	MOVWF       TMR0H 
;main.c,24 :: 		TMR0L=0xE0;
0x0012	0x0EE0      	MOVLW       224
0x0014	0x6ED6      	MOVWF       TMR0L 
;main.c,25 :: 		TMR0IF_bit=0;
0x0016	0x94F2      	BCF         TMR0IF_bit, BitPos(TMR0IF_bit+0) 
;main.c,26 :: 		} }
L_interrupt3:
L_end_interrupt:
L__interrupt6:
0x0018	0x0011      	RETFIE      1
; end of _interrupt
_main:
;main.c,3 :: 		void main()
;main.c,5 :: 		TRISC=0;
0x001A	0x6A94      	CLRF        TRISC 
;main.c,6 :: 		PORTC=0;
0x001C	0x6A82      	CLRF        PORTC 
;main.c,7 :: 		TMR0IF_bit=0;
0x001E	0x94F2      	BCF         TMR0IF_bit, BitPos(TMR0IF_bit+0) 
;main.c,8 :: 		TMR0IE_bit=1;
0x0020	0x8AF2      	BSF         TMR0IE_bit, BitPos(TMR0IE_bit+0) 
;main.c,9 :: 		GIE_bit=1;
0x0022	0x8EF2      	BSF         GIE_bit, BitPos(GIE_bit+0) 
;main.c,10 :: 		TMR0H=0xB1;
0x0024	0x0EB1      	MOVLW       177
0x0026	0x6ED7      	MOVWF       TMR0H 
;main.c,11 :: 		TMR0L=0xE0;
0x0028	0x0EE0      	MOVLW       224
0x002A	0x6ED6      	MOVWF       TMR0L 
;main.c,12 :: 		T0CON=0x80;//PSA 1:2
0x002C	0x0E80      	MOVLW       128
0x002E	0x6ED5      	MOVWF       T0CON 
;main.c,13 :: 		while(1)
L_main0:
;main.c,15 :: 		portC.b0=~portc.b0;
0x0030	0x7082      	BTG         PORTC, 0 
;main.c,16 :: 		delay_ms(1000);
0x0032	0x0E0B      	MOVLW       11
0x0034	0x6E0B      	MOVWF       R11, 0
0x0036	0x0E26      	MOVLW       38
0x0038	0x6E0C      	MOVWF       R12, 0
0x003A	0x0E5D      	MOVLW       93
0x003C	0x6E0D      	MOVWF       R13, 0
L_main2:
0x003E	0x2E0D      	DECFSZ      R13, 1, 0
0x0040	0xD7FE      	BRA         L_main2
0x0042	0x2E0C      	DECFSZ      R12, 1, 0
0x0044	0xD7FC      	BRA         L_main2
0x0046	0x2E0B      	DECFSZ      R11, 1, 0
0x0048	0xD7FA      	BRA         L_main2
0x004A	0x0000      	NOP
0x004C	0x0000      	NOP
;main.c,17 :: 		} }
0x004E	0xD7F0      	BRA         L_main0
L_end_main:
0x0050	0xD7FF      	BRA         $+0
; end of _main
Symbol List:
//** Routines locations **
//ADDRESS    SIZE    PROCEDURE
//----------------------------------------------
0x0008      [18]    _interrupt
0x001A      [56]    _main
//** Variables locations ** 
//ADDRESS    SIZE    VARIABLE
//----------------------------------------------
0x0000       [1]    R0
0x0001       [1]    R1
0x0002       [1]    R2
0x0003       [1]    R3
0x0004       [1]    R4
0x0005       [1]    R5
0x0006       [1]    R6
0x0007       [1]    R7
0x0008       [1]    R8
0x0009       [1]    R9
0x000A       [1]    R10
0x000B       [1]    R11
0x000C       [1]    R12
0x000D       [1]    R13
0x000E       [1]    R14
0x000F       [1]    R15
0x0010       [1]    R16
0x0011       [1]    R17
0x0012       [1]    R18
0x0013       [1]    R19
0x0014       [1]    R20
0x0F82       [1]    PORTC
0x0F94       [1]    TRISC
0x0FD5       [1]    T0CON
0x0FD6       [1]    TMR0L
0x0FD7       [1]    TMR0H
0x0FD8       [1]    STATUS
0x0FD9       [1]    FSR2L
0x0FDA       [1]    FSR2H
0x0FDE       [1]    POSTINC2
0x0FE0       [1]    BSR
0x0FE1       [1]    FSR1L
0x0FE2       [1]    FSR1H
0x0FE4       [1]    PREINC1
0x0FE6       [1]    POSTINC1
0x0FE7       [1]    INDF1
0x0FE8       [1]    WREG
0x0FE9       [1]    FSR0L
0x0FEA       [1]    FSR0H
0x0FEE       [1]    POSTINC0
0x0FF2       [0]    GIE_bit
0x0FF2       [0]    TMR0IF_bit
0x0FF2       [0]    TMR0IE_bit
0x0FF3       [1]    PRODL
0x0FF4       [1]    PRODH
0x0FF5       [1]    TABLAT
0x0FF6       [1]    TBLPTRL
0x0FF7       [1]    TBLPTRH
0x0FF8       [1]    TBLPTRU
