;  LST file generated by mikroListExporter - v.2.0 
; Date/Time: 5/2/2023 6:16:50 AM
;----------------------------------------------

;Address Opcode 	ASM
0x0000	0xF001EF70  	GOTO        736
_interrupt:
;main.c,94 :: 		void interrupt()
0x0008	0xF016C000  	MOVFF       R0, 22
0x000C	0xF015C001  	MOVFF       R1, 21
;main.c,96 :: 		T1_callBack();
0x0010	0xD85F      	RCALL       _T1_callBack
;main.c,97 :: 		T0_callback();
0x0012	0xD881      	RCALL       _T0_callback
;main.c,98 :: 		}
L_end_interrupt:
L__interrupt29:
0x0014	0xF000C016  	MOVFF       22, R0
0x0018	0xF001C015  	MOVFF       21, R1
0x001C	0x0011      	RETFIE      1
; end of _interrupt
_Delay_5500us:
;__Lib_Delays.c,31 :: 		void Delay_5500us() {
;__Lib_Delays.c,32 :: 		Delay_us(5500);
0x001E	0x0E0F      	MOVLW       15
0x0020	0x6E0C      	MOVWF       R12, 0
0x0022	0x0E47      	MOVLW       71
0x0024	0x6E0D      	MOVWF       R13, 0
L_Delay_5500us5:
0x0026	0x2E0D      	DECFSZ      R13, 1, 0
0x0028	0xD7FE      	BRA         L_Delay_5500us5
0x002A	0x2E0C      	DECFSZ      R12, 1, 0
0x002C	0xD7FC      	BRA         L_Delay_5500us5
0x002E	0x0000      	NOP
0x0030	0x0000      	NOP
;__Lib_Delays.c,33 :: 		}
L_end_Delay_5500us:
0x0032	0x0012      	RETURN      0
; end of _Delay_5500us
_Delay_1us:
;__Lib_Delays.c,7 :: 		void Delay_1us() {
;__Lib_Delays.c,8 :: 		Delay_us(1);
0x0034	0x0000      	NOP
0x0036	0x0000      	NOP
;__Lib_Delays.c,9 :: 		}
L_end_Delay_1us:
0x0038	0x0012      	RETURN      0
; end of _Delay_1us
_Delay_50us:
;__Lib_Delays.c,19 :: 		void Delay_50us() {
;__Lib_Delays.c,20 :: 		Delay_us(50);
0x003A	0x0E21      	MOVLW       33
0x003C	0x6E0D      	MOVWF       R13, 0
L_Delay_50us2:
0x003E	0x2E0D      	DECFSZ      R13, 1, 0
0x0040	0xD7FE      	BRA         L_Delay_50us2
;__Lib_Delays.c,21 :: 		}
L_end_Delay_50us:
0x0042	0x0012      	RETURN      0
; end of _Delay_50us
_Lcd_Cmd:
;__Lib_Lcd.c,18 :: 		
;__Lib_Lcd.c,20 :: 		
0x0044	0x0100      	MOVLB       0
0x0046	0xBF78      	BTFSC       FARG_Lcd_Cmd_out_char, 7, 1
0x0048	0xD002      	BRA         L__Lcd_Cmd21
0x004A	0x9E83      	BCF         LCD_D7, BitPos(LCD_D7+0) 
0x004C	0xD001      	BRA         L__Lcd_Cmd22
L__Lcd_Cmd21:
0x004E	0x8E83      	BSF         LCD_D7, BitPos(LCD_D7+0) 
L__Lcd_Cmd22:
;__Lib_Lcd.c,21 :: 		
0x0050	0xBD78      	BTFSC       FARG_Lcd_Cmd_out_char, 6, 1
0x0052	0xD002      	BRA         L__Lcd_Cmd23
0x0054	0x9C83      	BCF         LCD_D6, BitPos(LCD_D6+0) 
0x0056	0xD001      	BRA         L__Lcd_Cmd24
L__Lcd_Cmd23:
0x0058	0x8C83      	BSF         LCD_D6, BitPos(LCD_D6+0) 
L__Lcd_Cmd24:
;__Lib_Lcd.c,22 :: 		
0x005A	0xBB78      	BTFSC       FARG_Lcd_Cmd_out_char, 5, 1
0x005C	0xD002      	BRA         L__Lcd_Cmd25
0x005E	0x9A83      	BCF         LCD_D5, BitPos(LCD_D5+0) 
0x0060	0xD001      	BRA         L__Lcd_Cmd26
L__Lcd_Cmd25:
0x0062	0x8A83      	BSF         LCD_D5, BitPos(LCD_D5+0) 
L__Lcd_Cmd26:
;__Lib_Lcd.c,23 :: 		
0x0064	0xB978      	BTFSC       FARG_Lcd_Cmd_out_char, 4, 1
0x0066	0xD002      	BRA         L__Lcd_Cmd27
0x0068	0x9883      	BCF         LCD_D4, BitPos(LCD_D4+0) 
0x006A	0xD001      	BRA         L__Lcd_Cmd28
L__Lcd_Cmd27:
0x006C	0x8883      	BSF         LCD_D4, BitPos(LCD_D4+0) 
L__Lcd_Cmd28:
;__Lib_Lcd.c,25 :: 		
0x006E	0xB171      	BTFSC       __Lib_Lcd_cmd_status, BitPos(__Lib_Lcd_cmd_status+0), 1
0x0070	0xD002      	BRA         L__Lcd_Cmd29
0x0072	0x8881      	BSF         LCD_RS, BitPos(LCD_RS+0) 
0x0074	0xD001      	BRA         L__Lcd_Cmd30
L__Lcd_Cmd29:
0x0076	0x9881      	BCF         LCD_RS, BitPos(LCD_RS+0) 
L__Lcd_Cmd30:
;__Lib_Lcd.c,28 :: 		
0x0078	0x8280      	BSF         LCD_EN, BitPos(LCD_EN+0) 
;__Lib_Lcd.c,29 :: 		
0x007A	0xDFDC      	RCALL       _Delay_1us
;__Lib_Lcd.c,30 :: 		
0x007C	0x9280      	BCF         LCD_EN, BitPos(LCD_EN+0) 
;__Lib_Lcd.c,33 :: 		
0x007E	0xB778      	BTFSC       FARG_Lcd_Cmd_out_char, 3, 1
0x0080	0xD002      	BRA         L__Lcd_Cmd31
0x0082	0x9E83      	BCF         LCD_D7, BitPos(LCD_D7+0) 
0x0084	0xD001      	BRA         L__Lcd_Cmd32
L__Lcd_Cmd31:
0x0086	0x8E83      	BSF         LCD_D7, BitPos(LCD_D7+0) 
L__Lcd_Cmd32:
;__Lib_Lcd.c,34 :: 		
0x0088	0xB578      	BTFSC       FARG_Lcd_Cmd_out_char, 2, 1
0x008A	0xD002      	BRA         L__Lcd_Cmd33
0x008C	0x9C83      	BCF         LCD_D6, BitPos(LCD_D6+0) 
0x008E	0xD001      	BRA         L__Lcd_Cmd34
L__Lcd_Cmd33:
0x0090	0x8C83      	BSF         LCD_D6, BitPos(LCD_D6+0) 
L__Lcd_Cmd34:
;__Lib_Lcd.c,35 :: 		
0x0092	0xB378      	BTFSC       FARG_Lcd_Cmd_out_char, 1, 1
0x0094	0xD002      	BRA         L__Lcd_Cmd35
0x0096	0x9A83      	BCF         LCD_D5, BitPos(LCD_D5+0) 
0x0098	0xD001      	BRA         L__Lcd_Cmd36
L__Lcd_Cmd35:
0x009A	0x8A83      	BSF         LCD_D5, BitPos(LCD_D5+0) 
L__Lcd_Cmd36:
;__Lib_Lcd.c,36 :: 		
0x009C	0xB178      	BTFSC       FARG_Lcd_Cmd_out_char, 0, 1
0x009E	0xD002      	BRA         L__Lcd_Cmd37
0x00A0	0x9883      	BCF         LCD_D4, BitPos(LCD_D4+0) 
0x00A2	0xD001      	BRA         L__Lcd_Cmd38
L__Lcd_Cmd37:
0x00A4	0x8883      	BSF         LCD_D4, BitPos(LCD_D4+0) 
L__Lcd_Cmd38:
;__Lib_Lcd.c,38 :: 		
0x00A6	0xB171      	BTFSC       __Lib_Lcd_cmd_status, BitPos(__Lib_Lcd_cmd_status+0), 1
0x00A8	0xD002      	BRA         L__Lcd_Cmd39
0x00AA	0x8881      	BSF         LCD_RS, BitPos(LCD_RS+0) 
0x00AC	0xD001      	BRA         L__Lcd_Cmd40
L__Lcd_Cmd39:
0x00AE	0x9881      	BCF         LCD_RS, BitPos(LCD_RS+0) 
L__Lcd_Cmd40:
;__Lib_Lcd.c,40 :: 		
0x00B0	0x8280      	BSF         LCD_EN, BitPos(LCD_EN+0) 
;__Lib_Lcd.c,41 :: 		
0x00B2	0xDFC0      	RCALL       _Delay_1us
;__Lib_Lcd.c,42 :: 		
0x00B4	0x9280      	BCF         LCD_EN, BitPos(LCD_EN+0) 
;__Lib_Lcd.c,44 :: 		
0x00B6	0xA171      	BTFSS       __Lib_Lcd_cmd_status, BitPos(__Lib_Lcd_cmd_status+0), 1
0x00B8	0xD002      	BRA         L_Lcd_Cmd0
;__Lib_Lcd.c,45 :: 		
0x00BA	0xDFB1      	RCALL       _Delay_5500us
0x00BC	0xD001      	BRA         L_Lcd_Cmd1
L_Lcd_Cmd0:
;__Lib_Lcd.c,47 :: 		
0x00BE	0xDFBD      	RCALL       _Delay_50us
L_Lcd_Cmd1:
;__Lib_Lcd.c,48 :: 		
L_end_Lcd_Cmd:
0x00C0	0x0012      	RETURN      0
; end of _Lcd_Cmd
_Lcd_Chr_CP:
;__Lib_Lcd.c,50 :: 		
;__Lib_Lcd.c,52 :: 		
0x00C2	0x0100      	MOVLB       0
0x00C4	0x9171      	BCF         __Lib_Lcd_cmd_status, BitPos(__Lib_Lcd_cmd_status+0), 1
;__Lib_Lcd.c,53 :: 		
0x00C6	0xF078C077  	MOVFF       FARG_Lcd_Chr_CP_out_char, FARG_Lcd_Cmd_out_char
0x00CA	0xDFBC      	RCALL       _Lcd_Cmd
;__Lib_Lcd.c,54 :: 		
0x00CC	0x8171      	BSF         __Lib_Lcd_cmd_status, BitPos(__Lib_Lcd_cmd_status+0), 1
;__Lib_Lcd.c,55 :: 		
L_end_Lcd_Chr_CP:
0x00CE	0x0012      	RETURN      0
; end of _Lcd_Chr_CP
_T1_callBack:
;main.c,40 :: 		void T1_callBack()
;main.c,42 :: 		if (PIR1.TMR1IF) {    // Check if Timer1 overflowed
0x00D0	0xA09E      	BTFSS       PIR1, 0 
0x00D2	0xD020      	BRA         L_T1_callBack0
;main.c,43 :: 		if(enable_led4==1)
0x00D4	0x0E00      	MOVLW       0
0x00D6	0x0100      	MOVLB       0
0x00D8	0x1970      	XORWF       _enable_led4+1, 0, 1
0x00DA	0xE102      	BNZ         L__T1_callBack22
0x00DC	0x0E01      	MOVLW       1
0x00DE	0x196F      	XORWF       _enable_led4, 0, 1
L__T1_callBack22:
0x00E0	0xE111      	BNZ         L_T1_callBack1
;main.c,45 :: 		if(state==0)
0x00E2	0x0E00      	MOVLW       0
0x00E4	0x1838      	XORWF       _state+1, 0 
0x00E6	0xE102      	BNZ         L__T1_callBack23
0x00E8	0x0E00      	MOVLW       0
0x00EA	0x1837      	XORWF       _state, 0 
L__T1_callBack23:
0x00EC	0xE107      	BNZ         L_T1_callBack2
;main.c,47 :: 		LED=1; state=1;
0x00EE	0x8682      	BSF         PORTC, 3 
0x00F0	0x0E01      	MOVLW       1
0x00F2	0x6E37      	MOVWF       _state 
0x00F4	0x0E00      	MOVLW       0
0x00F6	0x6E38      	MOVWF       _state+1 
;main.c,48 :: 		LED3=0;
0x00F8	0x9482      	BCF         PORTC, 2 
;main.c,49 :: 		}
0x00FA	0xD003      	BRA         L_T1_callBack3
L_T1_callBack2:
;main.c,52 :: 		LED=0;  state=0;
0x00FC	0x9682      	BCF         PORTC, 3 
0x00FE	0x6A37      	CLRF        _state 
0x0100	0x6A38      	CLRF        _state+1 
;main.c,53 :: 		}
L_T1_callBack3:
;main.c,54 :: 		}
0x0102	0xD003      	BRA         L_T1_callBack4
L_T1_callBack1:
;main.c,57 :: 		LED=0;  state=0;
0x0104	0x9682      	BCF         PORTC, 3 
0x0106	0x6A37      	CLRF        _state 
0x0108	0x6A38      	CLRF        _state+1 
;main.c,58 :: 		}
L_T1_callBack4:
;main.c,59 :: 		PIR1.TMR1IF = 0;    // Clear Timer1 overflow flag
0x010A	0x909E      	BCF         PIR1, 0 
;main.c,60 :: 		TMR1H = TIMER_PERIOD >> 8;  // Reload Timer1 value
0x010C	0x0E09      	MOVLW       9
0x010E	0x6ECF      	MOVWF       TMR1H 
;main.c,61 :: 		TMR1L = TIMER_PERIOD & 0xFF;
0x0110	0x0EF6      	MOVLW       246
0x0112	0x6ECE      	MOVWF       TMR1L 
;main.c,62 :: 		}
L_T1_callBack0:
;main.c,63 :: 		}
L_end_T1_callBack:
0x0114	0x0012      	RETURN      0
; end of _T1_callBack
_T0_callback:
;main.c,64 :: 		void T0_callback()
;main.c,66 :: 		if (INTCON.TMR0IF) {
0x0116	0xA4F2      	BTFSS       INTCON, 2 
0x0118	0xD033      	BRA         L_T0_callback5
;main.c,67 :: 		if(enable_led2==1 && ctr<5)
0x011A	0x0E00      	MOVLW       0
0x011C	0x1846      	XORWF       _enable_led2+1, 0 
0x011E	0xE102      	BNZ         L__T0_callback25
0x0120	0x0E01      	MOVLW       1
0x0122	0x1845      	XORWF       _enable_led2, 0 
L__T0_callback25:
0x0124	0xE123      	BNZ         L_T0_callback8
0x0126	0x0E80      	MOVLW       128
0x0128	0x1834      	XORWF       _ctr+1, 0 
0x012A	0x6E00      	MOVWF       R0 
0x012C	0x0E80      	MOVLW       128
0x012E	0x5C00      	SUBWF       R0, 0 
0x0130	0xE102      	BNZ         L__T0_callback26
0x0132	0x0E05      	MOVLW       5
0x0134	0x5C33      	SUBWF       _ctr, 0 
L__T0_callback26:
0x0136	0xE21A      	BC          L_T0_callback8
L__T0_callback20:
;main.c,70 :: 		if (state2 == 0) {
0x0138	0x0E00      	MOVLW       0
0x013A	0x1836      	XORWF       _state2+1, 0 
0x013C	0xE102      	BNZ         L__T0_callback27
0x013E	0x0E00      	MOVLW       0
0x0140	0x1835      	XORWF       _state2, 0 
L__T0_callback27:
0x0142	0xE106      	BNZ         L_T0_callback9
;main.c,71 :: 		LED2 = 1;
0x0144	0x8282      	BSF         PORTC, 1 
;main.c,72 :: 		state2 = 1;
0x0146	0x0E01      	MOVLW       1
0x0148	0x6E35      	MOVWF       _state2 
0x014A	0x0E00      	MOVLW       0
0x014C	0x6E36      	MOVWF       _state2+1 
;main.c,73 :: 		} else {
0x014E	0xD003      	BRA         L_T0_callback10
L_T0_callback9:
;main.c,74 :: 		LED2 = 0;
0x0150	0x9282      	BCF         PORTC, 1 
;main.c,75 :: 		state2 = 0;
0x0152	0x6A35      	CLRF        _state2 
0x0154	0x6A36      	CLRF        _state2+1 
;main.c,76 :: 		}
L_T0_callback10:
;main.c,78 :: 		ctr++;
0x0156	0x0E01      	MOVLW       1
0x0158	0x2433      	ADDWF       _ctr, 0 
0x015A	0x6E00      	MOVWF       R0 
0x015C	0x0E00      	MOVLW       0
0x015E	0x2034      	ADDWFC      _ctr+1, 0 
0x0160	0x6E01      	MOVWF       R1 
0x0162	0xF033C000  	MOVFF       R0, _ctr
0x0166	0xF034C001  	MOVFF       R1, _ctr+1
;main.c,79 :: 		}
0x016A	0xD005      	BRA         L_T0_callback11
L_T0_callback8:
;main.c,82 :: 		ctr=0;
0x016C	0x6A33      	CLRF        _ctr 
0x016E	0x6A34      	CLRF        _ctr+1 
;main.c,83 :: 		LED2 = 0;
0x0170	0x9282      	BCF         PORTC, 1 
;main.c,84 :: 		enable_led2=0;
0x0172	0x6A45      	CLRF        _enable_led2 
0x0174	0x6A46      	CLRF        _enable_led2+1 
;main.c,85 :: 		}
L_T0_callback11:
;main.c,86 :: 		INTCON.TMR0IF = 0; // Clear Timer0 overflow flag
0x0176	0x94F2      	BCF         INTCON, 2 
;main.c,87 :: 		TMR0H = 0xFC; // Set Timer0 initial value for 500 us delay
0x0178	0x0EFC      	MOVLW       252
0x017A	0x6ED7      	MOVWF       TMR0H 
;main.c,88 :: 		TMR0L = 0x18;
0x017C	0x0E18      	MOVLW       24
0x017E	0x6ED6      	MOVWF       TMR0L 
;main.c,89 :: 		}
L_T0_callback5:
;main.c,91 :: 		}
L_end_T0_callback:
0x0180	0x0012      	RETURN      0
; end of _T0_callback
_Lcd_Out:
;__Lib_Lcd.c,184 :: 		
;__Lib_Lcd.c,187 :: 		
0x0182	0xD010      	BRA         L_Lcd_Out11
;__Lib_Lcd.c,188 :: 		
L_Lcd_Out13:
0x0184	0x0E80      	MOVLW       128
0x0186	0x0100      	MOVLB       0
0x0188	0x6F72      	MOVWF       FARG_Lcd_Out_row, 1
0x018A	0xD01A      	BRA         L_Lcd_Out12
;__Lib_Lcd.c,189 :: 		
L_Lcd_Out14:
0x018C	0x0EC0      	MOVLW       192
0x018E	0x6F72      	MOVWF       FARG_Lcd_Out_row, 1
0x0190	0xD017      	BRA         L_Lcd_Out12
;__Lib_Lcd.c,190 :: 		
L_Lcd_Out15:
0x0192	0x0E94      	MOVLW       148
0x0194	0x6F72      	MOVWF       FARG_Lcd_Out_row, 1
0x0196	0xD014      	BRA         L_Lcd_Out12
;__Lib_Lcd.c,191 :: 		
L_Lcd_Out16:
0x0198	0x0ED4      	MOVLW       212
0x019A	0x6F72      	MOVWF       FARG_Lcd_Out_row, 1
0x019C	0xD011      	BRA         L_Lcd_Out12
;__Lib_Lcd.c,192 :: 		
L_Lcd_Out17:
0x019E	0x0E80      	MOVLW       128
0x01A0	0x6F72      	MOVWF       FARG_Lcd_Out_row, 1
;__Lib_Lcd.c,193 :: 		
0x01A2	0xD00E      	BRA         L_Lcd_Out12
L_Lcd_Out11:
0x01A4	0x0100      	MOVLB       0
0x01A6	0x5172      	MOVF        FARG_Lcd_Out_row, 0, 1
0x01A8	0x0A01      	XORLW       1
0x01AA	0xE0EC      	BZ          L_Lcd_Out13
0x01AC	0x5172      	MOVF        FARG_Lcd_Out_row, 0, 1
0x01AE	0x0A02      	XORLW       2
0x01B0	0xE0ED      	BZ          L_Lcd_Out14
0x01B2	0x5172      	MOVF        FARG_Lcd_Out_row, 0, 1
0x01B4	0x0A03      	XORLW       3
0x01B6	0xE0ED      	BZ          L_Lcd_Out15
0x01B8	0x5172      	MOVF        FARG_Lcd_Out_row, 0, 1
0x01BA	0x0A04      	XORLW       4
0x01BC	0xE0ED      	BZ          L_Lcd_Out16
0x01BE	0xD7EF      	BRA         L_Lcd_Out17
L_Lcd_Out12:
;__Lib_Lcd.c,194 :: 		
0x01C0	0x0573      	DECF        FARG_Lcd_Out_column, 0, 1
0x01C2	0x6E00      	MOVWF       R0 
0x01C4	0x5172      	MOVF        FARG_Lcd_Out_row, 0, 1
0x01C6	0x2600      	ADDWF       R0, 1 
0x01C8	0xF072C000  	MOVFF       R0, FARG_Lcd_Out_row
;__Lib_Lcd.c,196 :: 		
0x01CC	0xF078C000  	MOVFF       R0, FARG_Lcd_Cmd_out_char
0x01D0	0xDF39      	RCALL       _Lcd_Cmd
;__Lib_Lcd.c,197 :: 		
0x01D2	0x9171      	BCF         __Lib_Lcd_cmd_status, BitPos(__Lib_Lcd_cmd_status+0), 1
;__Lib_Lcd.c,198 :: 		
0x01D4	0x6B76      	CLRF        Lcd_Out_i_L0, 1
;__Lib_Lcd.c,199 :: 		
L_Lcd_Out18:
0x01D6	0x5176      	MOVF        Lcd_Out_i_L0, 0, 1
0x01D8	0x2574      	ADDWF       FARG_Lcd_Out_text, 0, 1
0x01DA	0x6EE9      	MOVWF       FSR0L 
0x01DC	0x0E00      	MOVLW       0
0x01DE	0x2175      	ADDWFC      FARG_Lcd_Out_text+1, 0, 1
0x01E0	0x6EEA      	MOVWF       FSR0L+1 
0x01E2	0x52EE      	MOVF        POSTINC0, 1 
0x01E4	0xE00B      	BZ          L_Lcd_Out19
;__Lib_Lcd.c,200 :: 		
0x01E6	0x5176      	MOVF        Lcd_Out_i_L0, 0, 1
0x01E8	0x2574      	ADDWF       FARG_Lcd_Out_text, 0, 1
0x01EA	0x6EE9      	MOVWF       FSR0L 
0x01EC	0x0E00      	MOVLW       0
0x01EE	0x2175      	ADDWFC      FARG_Lcd_Out_text+1, 0, 1
0x01F0	0x6EEA      	MOVWF       FSR0L+1 
0x01F2	0xF077CFEE  	MOVFF       POSTINC0, FARG_Lcd_Chr_CP_out_char
0x01F6	0xDF65      	RCALL       _Lcd_Chr_CP
0x01F8	0x2B76      	INCF        Lcd_Out_i_L0, 1, 1
0x01FA	0xD7ED      	BRA         L_Lcd_Out18
L_Lcd_Out19:
;__Lib_Lcd.c,201 :: 		
0x01FC	0x8171      	BSF         __Lib_Lcd_cmd_status, BitPos(__Lib_Lcd_cmd_status+0), 1
;__Lib_Lcd.c,202 :: 		
L_end_Lcd_Out:
0x01FE	0x0012      	RETURN      0
; end of _Lcd_Out
_init_leds:
;main.c,128 :: 		void init_leds()
;main.c,130 :: 		TRISC.RC3 = 0; // Configure led 3
0x0200	0x9694      	BCF         TRISC, 3 
;main.c,131 :: 		TRISC.RC0 = 0;
0x0202	0x9094      	BCF         TRISC, 0 
;main.c,133 :: 		}
L_end_init_leds:
0x0204	0x0012      	RETURN      0
; end of _init_leds
_init_btns:
;main.c,120 :: 		void init_btns()
;main.c,122 :: 		ADCON1 = 0x00; // Disable analog input on all pins
0x0206	0x6AC1      	CLRF        ADCON1 
;main.c,123 :: 		TRISA.RA4 = 1; // Configure btn1
0x0208	0x8892      	BSF         TRISA, 4 
;main.c,124 :: 		TRISB.RB5 = 1; // Configure btn2
0x020A	0x8A93      	BSF         TRISB, 5 
;main.c,125 :: 		TRISB.RB6 = 1; // Configure btn3
0x020C	0x8C93      	BSF         TRISB, 6 
;main.c,126 :: 		TRISB.RB7 = 1; // Configure btn4
0x020E	0x8E93      	BSF         TRISB, 7 
;main.c,127 :: 		}
L_end_init_btns:
0x0210	0x0012      	RETURN      0
; end of _init_btns
___CC2DW:
;__Lib_System.c,21 :: 		
;__Lib_System.c,23 :: 		
_CC2DL_Loop1:
;__Lib_System.c,24 :: 		
0x0212	0x0009      	TBLRD*+
;__Lib_System.c,25 :: 		
0x0214	0xFFE6CFF5  	MOVFF       TABLAT, POSTINC1
;__Lib_System.c,26 :: 		
0x0218	0x0600      	DECF        R0, 1, 0
;__Lib_System.c,27 :: 		
0x021A	0xE1FB      	BNZ         _CC2DL_Loop1
;__Lib_System.c,28 :: 		
0x021C	0x0601      	DECF        R1, 1, 0
;__Lib_System.c,29 :: 		
0x021E	0xE1F9      	BNZ         _CC2DL_Loop1
;__Lib_System.c,31 :: 		
L_end___CC2DW:
0x0220	0x0012      	RETURN      0
; end of ___CC2DW
_Lcd_Init:
;__Lib_Lcd.c,84 :: 		
;__Lib_Lcd.c,86 :: 		
0x0222	0x9292      	BCF         LCD_EN_Direction, BitPos(LCD_EN_Direction+0) 
;__Lib_Lcd.c,87 :: 		
0x0224	0x9893      	BCF         LCD_RS_Direction, BitPos(LCD_RS_Direction+0) 
;__Lib_Lcd.c,88 :: 		
0x0226	0x9895      	BCF         LCD_D4_Direction, BitPos(LCD_D4_Direction+0) 
;__Lib_Lcd.c,89 :: 		
0x0228	0x9A95      	BCF         LCD_D5_Direction, BitPos(LCD_D5_Direction+0) 
;__Lib_Lcd.c,90 :: 		
0x022A	0x9C95      	BCF         LCD_D6_Direction, BitPos(LCD_D6_Direction+0) 
;__Lib_Lcd.c,91 :: 		
0x022C	0x9E95      	BCF         LCD_D7_Direction, BitPos(LCD_D7_Direction+0) 
;__Lib_Lcd.c,93 :: 		
0x022E	0x9280      	BCF         LCD_EN, BitPos(LCD_EN+0) 
;__Lib_Lcd.c,94 :: 		
0x0230	0x9881      	BCF         LCD_RS, BitPos(LCD_RS+0) 
;__Lib_Lcd.c,95 :: 		
0x0232	0x9E83      	BCF         LCD_D7, BitPos(LCD_D7+0) 
;__Lib_Lcd.c,96 :: 		
0x0234	0x9C83      	BCF         LCD_D6, BitPos(LCD_D6+0) 
;__Lib_Lcd.c,97 :: 		
0x0236	0x9A83      	BCF         LCD_D5, BitPos(LCD_D5+0) 
;__Lib_Lcd.c,98 :: 		
0x0238	0x9883      	BCF         LCD_D4, BitPos(LCD_D4+0) 
;__Lib_Lcd.c,100 :: 		
0x023A	0xDEF1      	RCALL       _Delay_5500us
;__Lib_Lcd.c,101 :: 		
0x023C	0xDEF0      	RCALL       _Delay_5500us
;__Lib_Lcd.c,102 :: 		
0x023E	0xDEEF      	RCALL       _Delay_5500us
;__Lib_Lcd.c,105 :: 		
0x0240	0x8A83      	BSF         LCD_D5, BitPos(LCD_D5+0) 
;__Lib_Lcd.c,106 :: 		
0x0242	0x8883      	BSF         LCD_D4, BitPos(LCD_D4+0) 
;__Lib_Lcd.c,107 :: 		
0x0244	0x8280      	BSF         LCD_EN, BitPos(LCD_EN+0) 
;__Lib_Lcd.c,108 :: 		
0x0246	0xDEF6      	RCALL       _Delay_1us
;__Lib_Lcd.c,109 :: 		
0x0248	0x9280      	BCF         LCD_EN, BitPos(LCD_EN+0) 
;__Lib_Lcd.c,110 :: 		
0x024A	0xDEE9      	RCALL       _Delay_5500us
;__Lib_Lcd.c,112 :: 		
0x024C	0x8280      	BSF         LCD_EN, BitPos(LCD_EN+0) 
;__Lib_Lcd.c,113 :: 		
0x024E	0xDEF2      	RCALL       _Delay_1us
;__Lib_Lcd.c,114 :: 		
0x0250	0x9280      	BCF         LCD_EN, BitPos(LCD_EN+0) 
;__Lib_Lcd.c,115 :: 		
0x0252	0xDEE5      	RCALL       _Delay_5500us
;__Lib_Lcd.c,117 :: 		
0x0254	0x8280      	BSF         LCD_EN, BitPos(LCD_EN+0) 
;__Lib_Lcd.c,118 :: 		
0x0256	0xDEEE      	RCALL       _Delay_1us
;__Lib_Lcd.c,119 :: 		
0x0258	0x9280      	BCF         LCD_EN, BitPos(LCD_EN+0) 
;__Lib_Lcd.c,120 :: 		
0x025A	0xDEE1      	RCALL       _Delay_5500us
;__Lib_Lcd.c,123 :: 		
0x025C	0x9883      	BCF         LCD_D4, BitPos(LCD_D4+0) 
;__Lib_Lcd.c,124 :: 		
0x025E	0x8280      	BSF         LCD_EN, BitPos(LCD_EN+0) 
;__Lib_Lcd.c,125 :: 		
0x0260	0xDEE9      	RCALL       _Delay_1us
;__Lib_Lcd.c,126 :: 		
0x0262	0x9280      	BCF         LCD_EN, BitPos(LCD_EN+0) 
;__Lib_Lcd.c,127 :: 		
0x0264	0xDEDC      	RCALL       _Delay_5500us
;__Lib_Lcd.c,130 :: 		
0x0266	0x8280      	BSF         LCD_EN, BitPos(LCD_EN+0) 
;__Lib_Lcd.c,131 :: 		
0x0268	0xDEE5      	RCALL       _Delay_1us
;__Lib_Lcd.c,132 :: 		
0x026A	0x9280      	BCF         LCD_EN, BitPos(LCD_EN+0) 
;__Lib_Lcd.c,134 :: 		
0x026C	0x9A83      	BCF         LCD_D5, BitPos(LCD_D5+0) 
;__Lib_Lcd.c,135 :: 		
0x026E	0x8E83      	BSF         LCD_D7, BitPos(LCD_D7+0) 
;__Lib_Lcd.c,136 :: 		
0x0270	0x8280      	BSF         LCD_EN, BitPos(LCD_EN+0) 
;__Lib_Lcd.c,137 :: 		
0x0272	0xDEE0      	RCALL       _Delay_1us
;__Lib_Lcd.c,138 :: 		
0x0274	0x9280      	BCF         LCD_EN, BitPos(LCD_EN+0) 
;__Lib_Lcd.c,139 :: 		
0x0276	0xDED3      	RCALL       _Delay_5500us
;__Lib_Lcd.c,142 :: 		
0x0278	0x9E83      	BCF         LCD_D7, BitPos(LCD_D7+0) 
;__Lib_Lcd.c,143 :: 		
0x027A	0x8883      	BSF         LCD_D4, BitPos(LCD_D4+0) 
;__Lib_Lcd.c,144 :: 		
0x027C	0x8280      	BSF         LCD_EN, BitPos(LCD_EN+0) 
;__Lib_Lcd.c,145 :: 		
0x027E	0xDEDA      	RCALL       _Delay_1us
;__Lib_Lcd.c,146 :: 		
0x0280	0x9280      	BCF         LCD_EN, BitPos(LCD_EN+0) 
;__Lib_Lcd.c,148 :: 		
0x0282	0x9883      	BCF         LCD_D4, BitPos(LCD_D4+0) 
;__Lib_Lcd.c,149 :: 		
0x0284	0x8280      	BSF         LCD_EN, BitPos(LCD_EN+0) 
;__Lib_Lcd.c,150 :: 		
0x0286	0xDED6      	RCALL       _Delay_1us
;__Lib_Lcd.c,151 :: 		
0x0288	0x9280      	BCF         LCD_EN, BitPos(LCD_EN+0) 
;__Lib_Lcd.c,152 :: 		
0x028A	0xDEC9      	RCALL       _Delay_5500us
;__Lib_Lcd.c,155 :: 		
0x028C	0x8280      	BSF         LCD_EN, BitPos(LCD_EN+0) 
;__Lib_Lcd.c,156 :: 		
0x028E	0xDED2      	RCALL       _Delay_1us
;__Lib_Lcd.c,157 :: 		
0x0290	0x9280      	BCF         LCD_EN, BitPos(LCD_EN+0) 
;__Lib_Lcd.c,159 :: 		
0x0292	0x8883      	BSF         LCD_D4, BitPos(LCD_D4+0) 
;__Lib_Lcd.c,160 :: 		
0x0294	0x8280      	BSF         LCD_EN, BitPos(LCD_EN+0) 
;__Lib_Lcd.c,161 :: 		
0x0296	0xDECE      	RCALL       _Delay_1us
;__Lib_Lcd.c,162 :: 		
0x0298	0x9280      	BCF         LCD_EN, BitPos(LCD_EN+0) 
;__Lib_Lcd.c,163 :: 		
0x029A	0xDEC1      	RCALL       _Delay_5500us
;__Lib_Lcd.c,166 :: 		
0x029C	0x9883      	BCF         LCD_D4, BitPos(LCD_D4+0) 
;__Lib_Lcd.c,167 :: 		
0x029E	0x8280      	BSF         LCD_EN, BitPos(LCD_EN+0) 
;__Lib_Lcd.c,168 :: 		
0x02A0	0xDEC9      	RCALL       _Delay_1us
;__Lib_Lcd.c,169 :: 		
0x02A2	0x9280      	BCF         LCD_EN, BitPos(LCD_EN+0) 
;__Lib_Lcd.c,171 :: 		
0x02A4	0x8E83      	BSF         LCD_D7, BitPos(LCD_D7+0) 
;__Lib_Lcd.c,172 :: 		
0x02A6	0x8C83      	BSF         LCD_D6, BitPos(LCD_D6+0) 
;__Lib_Lcd.c,173 :: 		
0x02A8	0x8A83      	BSF         LCD_D5, BitPos(LCD_D5+0) 
;__Lib_Lcd.c,174 :: 		
0x02AA	0x8883      	BSF         LCD_D4, BitPos(LCD_D4+0) 
;__Lib_Lcd.c,175 :: 		
0x02AC	0x8280      	BSF         LCD_EN, BitPos(LCD_EN+0) 
;__Lib_Lcd.c,176 :: 		
0x02AE	0xDEC2      	RCALL       _Delay_1us
;__Lib_Lcd.c,177 :: 		
0x02B0	0x9280      	BCF         LCD_EN, BitPos(LCD_EN+0) 
;__Lib_Lcd.c,179 :: 		
0x02B2	0xDEB5      	RCALL       _Delay_5500us
;__Lib_Lcd.c,181 :: 		
0x02B4	0x0100      	MOVLB       0
0x02B6	0x8171      	BSF         __Lib_Lcd_cmd_status, BitPos(__Lib_Lcd_cmd_status+0), 1
;__Lib_Lcd.c,182 :: 		
L_end_Lcd_Init:
0x02B8	0x0012      	RETURN      0
; end of _Lcd_Init
_init_T0:
;main.c,110 :: 		void init_T0()
;main.c,112 :: 		TRISC.RC1 = 0; // Configure RC1 as output
0x02BA	0x9294      	BCF         TRISC, 1 
;main.c,113 :: 		T0CON = 0x07; // Enable Timer0 with 1:4 prescaler and 16-bit mode
0x02BC	0x0E07      	MOVLW       7
0x02BE	0x6ED5      	MOVWF       T0CON 
;main.c,114 :: 		TMR0H = 0xFC; // Set Timer0 initial value for 500 us delay
0x02C0	0x0EFC      	MOVLW       252
0x02C2	0x6ED7      	MOVWF       TMR0H 
;main.c,115 :: 		TMR0L = 0x18;
0x02C4	0x0E18      	MOVLW       24
0x02C6	0x6ED6      	MOVWF       TMR0L 
;main.c,116 :: 		INTCON.TMR0IE = 1; // Enable Timer0 interrupt
0x02C8	0x8AF2      	BSF         INTCON, 5 
;main.c,117 :: 		INTCON.GIE = 1; // Enable global interrupts
0x02CA	0x8EF2      	BSF         INTCON, 7 
;main.c,118 :: 		T0CON.TMR0ON=1;
0x02CC	0x8ED5      	BSF         T0CON, 7 
;main.c,119 :: 		}
L_end_init_T0:
0x02CE	0x0012      	RETURN      0
; end of _init_T0
_init_T1:
;main.c,99 :: 		void init_T1()
;main.c,101 :: 		TRISC.RC3 = 0;   // Configure PORTB.0 as output
0x02D0	0x9694      	BCF         TRISC, 3 
;main.c,103 :: 		T1CON = 0x30;   // Timer1 enabled, 1:8 prescaler, internal clock source
0x02D2	0x0E30      	MOVLW       48
0x02D4	0x6ECD      	MOVWF       T1CON 
;main.c,105 :: 		INTCON.GIE = 1;
0x02D6	0x8EF2      	BSF         INTCON, 7 
;main.c,106 :: 		PIE1.TMR1IE = 1;
0x02D8	0x809D      	BSF         PIE1, 0 
;main.c,107 :: 		INTCON.PEIE = 1;
0x02DA	0x8CF2      	BSF         INTCON, 6 
;main.c,108 :: 		T1CON.TMR1ON=1;
0x02DC	0x80CD      	BSF         T1CON, 0 
;main.c,109 :: 		}
L_end_init_T1:
0x02DE	0x0012      	RETURN      0
; end of _init_T1
_main:
0x02E0	0xF002EC1A  	CALL        1076, 0
;main.c,134 :: 		void main()
;main.c,136 :: 		init_btns();
0x02E4	0xDF90      	RCALL       _init_btns
;main.c,137 :: 		init_leds();
0x02E6	0xDF8C      	RCALL       _init_leds
;main.c,138 :: 		init_T1();
0x02E8	0xDFF3      	RCALL       _init_T1
;main.c,139 :: 		init_T0();
0x02EA	0xDFE7      	RCALL       _init_T0
;main.c,141 :: 		LCD_init();
0x02EC	0xDF9A      	RCALL       _Lcd_Init
;main.c,142 :: 		LCD_CMD(_lcd_cursor_off);
0x02EE	0x0E0C      	MOVLW       12
0x02F0	0x6F78      	MOVWF       FARG_Lcd_Cmd_out_char, 1
0x02F2	0xDEA8      	RCALL       _Lcd_Cmd
;main.c,143 :: 		LCD_CMD(_LCD_Clear);
0x02F4	0x0E01      	MOVLW       1
0x02F6	0x6F78      	MOVWF       FARG_Lcd_Cmd_out_char, 1
0x02F8	0xDEA5      	RCALL       _Lcd_Cmd
;main.c,144 :: 		LCD_Out(1,6,"Waiting");
0x02FA	0x0E01      	MOVLW       1
0x02FC	0x6F72      	MOVWF       FARG_Lcd_Out_row, 1
0x02FE	0x0E06      	MOVLW       6
0x0300	0x6F73      	MOVWF       FARG_Lcd_Out_column, 1
0x0302	0x0E56      	MOVLW       ?lstr1_main
0x0304	0x6F74      	MOVWF       FARG_Lcd_Out_text, 1
0x0306	0x0E00      	MOVLW       hi_addr(?lstr1_main)
0x0308	0x6F75      	MOVWF       FARG_Lcd_Out_text+1, 1
0x030A	0xDF3B      	RCALL       _Lcd_Out
;main.c,145 :: 		LCD_Out(2,4,"to press SW");
0x030C	0x0E02      	MOVLW       2
0x030E	0x6F72      	MOVWF       FARG_Lcd_Out_row, 1
0x0310	0x0E04      	MOVLW       4
0x0312	0x6F73      	MOVWF       FARG_Lcd_Out_column, 1
0x0314	0x0E39      	MOVLW       ?lstr2_main
0x0316	0x6F74      	MOVWF       FARG_Lcd_Out_text, 1
0x0318	0x0E00      	MOVLW       hi_addr(?lstr2_main)
0x031A	0x6F75      	MOVWF       FARG_Lcd_Out_text+1, 1
0x031C	0xDF32      	RCALL       _Lcd_Out
;main.c,147 :: 		while(1)
L_main12:
;main.c,150 :: 		if (SWITCH3 == 1)
0x031E	0xAC81      	BTFSS       PORTB, 6 
0x0320	0xD010      	BRA         L_main14
;main.c,152 :: 		enable_led2=1;
0x0322	0x0E01      	MOVLW       1
0x0324	0x6E45      	MOVWF       _enable_led2 
0x0326	0x0E00      	MOVLW       0
0x0328	0x6E46      	MOVWF       _enable_led2+1 
;main.c,153 :: 		LCD_CMD(_LCD_Clear);
0x032A	0x0E01      	MOVLW       1
0x032C	0x6F78      	MOVWF       FARG_Lcd_Cmd_out_char, 1
0x032E	0xDE8A      	RCALL       _Lcd_Cmd
;main.c,154 :: 		LCD_Out(1,1,"Flashing led 2");
0x0330	0x0E01      	MOVLW       1
0x0332	0x6F72      	MOVWF       FARG_Lcd_Out_row, 1
0x0334	0x0E01      	MOVLW       1
0x0336	0x6F73      	MOVWF       FARG_Lcd_Out_column, 1
0x0338	0x0E47      	MOVLW       ?lstr3_main
0x033A	0x6F74      	MOVWF       FARG_Lcd_Out_text, 1
0x033C	0x0E00      	MOVLW       hi_addr(?lstr3_main)
0x033E	0x6F75      	MOVWF       FARG_Lcd_Out_text+1, 1
0x0340	0xDF20      	RCALL       _Lcd_Out
;main.c,155 :: 		}
L_main14:
;main.c,157 :: 		if (SWITCH1 == 1)
0x0342	0xA880      	BTFSS       PORTA, 4 
0x0344	0xD010      	BRA         L_main15
;main.c,159 :: 		enable_led4=1;
0x0346	0x0E01      	MOVLW       1
0x0348	0x6F6F      	MOVWF       _enable_led4, 1
0x034A	0x0E00      	MOVLW       0
0x034C	0x6F70      	MOVWF       _enable_led4+1, 1
;main.c,160 :: 		LCD_CMD(_LCD_Clear);
0x034E	0x0E01      	MOVLW       1
0x0350	0x6F78      	MOVWF       FARG_Lcd_Cmd_out_char, 1
0x0352	0xDE78      	RCALL       _Lcd_Cmd
;main.c,161 :: 		LCD_Out(1,1,"Flashing led 4");
0x0354	0x0E01      	MOVLW       1
0x0356	0x6F72      	MOVWF       FARG_Lcd_Out_row, 1
0x0358	0x0E01      	MOVLW       1
0x035A	0x6F73      	MOVWF       FARG_Lcd_Out_column, 1
0x035C	0x0E5E      	MOVLW       ?lstr4_main
0x035E	0x6F74      	MOVWF       FARG_Lcd_Out_text, 1
0x0360	0x0E00      	MOVLW       hi_addr(?lstr4_main)
0x0362	0x6F75      	MOVWF       FARG_Lcd_Out_text+1, 1
0x0364	0xDF0E      	RCALL       _Lcd_Out
;main.c,162 :: 		}
L_main15:
;main.c,164 :: 		if (SWITCH4 == 1) {
0x0366	0xAE81      	BTFSS       PORTB, 7 
0x0368	0xD027      	BRA         L_main16
;main.c,165 :: 		if(l1ST==0)
0x036A	0x0E00      	MOVLW       0
0x036C	0x196E      	XORWF       _l1ST+1, 0, 1
0x036E	0xE102      	BNZ         L__main35
0x0370	0x0E00      	MOVLW       0
0x0372	0x196D      	XORWF       _l1ST, 0, 1
L__main35:
0x0374	0xE112      	BNZ         L_main17
;main.c,167 :: 		LED1 = 1;l1ST=1;
0x0376	0x8082      	BSF         PORTC, 0 
0x0378	0x0E01      	MOVLW       1
0x037A	0x6F6D      	MOVWF       _l1ST, 1
0x037C	0x0E00      	MOVLW       0
0x037E	0x6F6E      	MOVWF       _l1ST+1, 1
;main.c,168 :: 		LCD_CMD(_LCD_Clear);
0x0380	0x0E01      	MOVLW       1
0x0382	0x6F78      	MOVWF       FARG_Lcd_Cmd_out_char, 1
0x0384	0xDE5F      	RCALL       _Lcd_Cmd
;main.c,169 :: 		LCD_Out(1,1,"led 1 ON");
0x0386	0x0E01      	MOVLW       1
0x0388	0x6F72      	MOVWF       FARG_Lcd_Out_row, 1
0x038A	0x0E01      	MOVLW       1
0x038C	0x6F73      	MOVWF       FARG_Lcd_Out_column, 1
0x038E	0x0E2A      	MOVLW       ?lstr5_main
0x0390	0x6F74      	MOVWF       FARG_Lcd_Out_text, 1
0x0392	0x0E00      	MOVLW       hi_addr(?lstr5_main)
0x0394	0x6F75      	MOVWF       FARG_Lcd_Out_text+1, 1
0x0396	0xDEF5      	RCALL       _Lcd_Out
;main.c,170 :: 		}else{
0x0398	0xD00F      	BRA         L_main18
L_main17:
;main.c,171 :: 		LED1 = 0;l1ST=0;
0x039A	0x9082      	BCF         PORTC, 0 
0x039C	0x6B6D      	CLRF        _l1ST, 1
0x039E	0x6B6E      	CLRF        _l1ST+1, 1
;main.c,172 :: 		LCD_CMD(_LCD_Clear);
0x03A0	0x0E01      	MOVLW       1
0x03A2	0x6F78      	MOVWF       FARG_Lcd_Cmd_out_char, 1
0x03A4	0xDE4F      	RCALL       _Lcd_Cmd
;main.c,173 :: 		LCD_Out(1,1,"led 1 OFF");
0x03A6	0x0E01      	MOVLW       1
0x03A8	0x6F72      	MOVWF       FARG_Lcd_Out_row, 1
0x03AA	0x0E01      	MOVLW       1
0x03AC	0x6F73      	MOVWF       FARG_Lcd_Out_column, 1
0x03AE	0x0E20      	MOVLW       ?lstr6_main
0x03B0	0x6F74      	MOVWF       FARG_Lcd_Out_text, 1
0x03B2	0x0E00      	MOVLW       hi_addr(?lstr6_main)
0x03B4	0x6F75      	MOVWF       FARG_Lcd_Out_text+1, 1
0x03B6	0xDEE5      	RCALL       _Lcd_Out
;main.c,174 :: 		}
L_main18:
;main.c,176 :: 		}
L_main16:
;main.c,178 :: 		if (SWITCH2 == 1) {
0x03B8	0xAA81      	BTFSS       PORTB, 5 
0x03BA	0xD00D      	BRA         L_main19
;main.c,179 :: 		LED3=1;
0x03BC	0x8482      	BSF         PORTC, 2 
;main.c,180 :: 		LCD_CMD(_LCD_Clear);
0x03BE	0x0E01      	MOVLW       1
0x03C0	0x6F78      	MOVWF       FARG_Lcd_Cmd_out_char, 1
0x03C2	0xDE40      	RCALL       _Lcd_Cmd
;main.c,181 :: 		LCD_Out(1,1,"led 3 ON");
0x03C4	0x0E01      	MOVLW       1
0x03C6	0x6F72      	MOVWF       FARG_Lcd_Out_row, 1
0x03C8	0x0E01      	MOVLW       1
0x03CA	0x6F73      	MOVWF       FARG_Lcd_Out_column, 1
0x03CC	0x0E17      	MOVLW       ?lstr7_main
0x03CE	0x6F74      	MOVWF       FARG_Lcd_Out_text, 1
0x03D0	0x0E00      	MOVLW       hi_addr(?lstr7_main)
0x03D2	0x6F75      	MOVWF       FARG_Lcd_Out_text+1, 1
0x03D4	0xDED6      	RCALL       _Lcd_Out
;main.c,182 :: 		}
L_main19:
;main.c,183 :: 		}
0x03D6	0xD7A3      	BRA         L_main12
;main.c,185 :: 		}
L_end_main:
0x03D8	0xD7FF      	BRA         $+0
; end of _main
0x0434	0xF017EE10  	LFSR        1, 23
0x0438	0x0E5A      	MOVLW       90
0x043A	0x6E00      	MOVWF       R0 
0x043C	0x0E01      	MOVLW       1
0x043E	0x6E01      	MOVWF       R1 
0x0440	0x0EDA      	MOVLW       218
0x0442	0x6EF6      	MOVWF       4086 
0x0444	0x0E03      	MOVLW       3
0x0446	0x6EF7      	MOVWF       TBLPTRH 
0x0448	0x0E00      	MOVLW       0
0x044A	0x6EF8      	MOVWF       TBLPTRU 
0x044C	0xF001EC09  	CALL        530, 0
0x0450	0x0012      	RETURN      0
;main.c,0 :: ?ICS?lstr7_main
0x03DA	0x656C ;?ICS?lstr7_main+0
0x03DC	0x2064 ;?ICS?lstr7_main+2
0x03DE	0x2033 ;?ICS?lstr7_main+4
0x03E0	0x4E4F ;?ICS?lstr7_main+6
0x03E2	0x00 ;?ICS?lstr7_main+8
; end of ?ICS?lstr7_main
;main.c,0 :: ?ICS?lstr6_main
0x03E3	0x656C ;?ICS?lstr6_main+0
0x03E5	0x2064 ;?ICS?lstr6_main+2
0x03E7	0x2031 ;?ICS?lstr6_main+4
0x03E9	0x464F ;?ICS?lstr6_main+6
0x03EB	0x0046 ;?ICS?lstr6_main+8
; end of ?ICS?lstr6_main
;main.c,0 :: ?ICS?lstr5_main
0x03ED	0x656C ;?ICS?lstr5_main+0
0x03EF	0x2064 ;?ICS?lstr5_main+2
0x03F1	0x2031 ;?ICS?lstr5_main+4
0x03F3	0x4E4F ;?ICS?lstr5_main+6
0x03F5	0x00 ;?ICS?lstr5_main+8
; end of ?ICS?lstr5_main
;main.c,0 :: ?ICS_ctr
0x03F6	0x0000 ;?ICS_ctr+0
; end of ?ICS_ctr
;main.c,0 :: ?ICS_state2
0x03F8	0x0000 ;?ICS_state2+0
; end of ?ICS_state2
;main.c,0 :: ?ICS_state
0x03FA	0x0000 ;?ICS_state+0
; end of ?ICS_state
;main.c,0 :: ?ICS?lstr2_main
0x03FC	0x6F74 ;?ICS?lstr2_main+0
0x03FE	0x7020 ;?ICS?lstr2_main+2
0x0400	0x6572 ;?ICS?lstr2_main+4
0x0402	0x7373 ;?ICS?lstr2_main+6
0x0404	0x5320 ;?ICS?lstr2_main+8
0x0406	0x0057 ;?ICS?lstr2_main+10
; end of ?ICS?lstr2_main
;main.c,0 :: ?ICS_enable_led2
0x0408	0x0000 ;?ICS_enable_led2+0
; end of ?ICS_enable_led2
;main.c,0 :: ?ICS?lstr3_main
0x040A	0x6C46 ;?ICS?lstr3_main+0
0x040C	0x7361 ;?ICS?lstr3_main+2
0x040E	0x6968 ;?ICS?lstr3_main+4
0x0410	0x676E ;?ICS?lstr3_main+6
0x0412	0x6C20 ;?ICS?lstr3_main+8
0x0414	0x6465 ;?ICS?lstr3_main+10
0x0416	0x3220 ;?ICS?lstr3_main+12
0x0418	0x00 ;?ICS?lstr3_main+14
; end of ?ICS?lstr3_main
;main.c,0 :: ?ICS?lstr1_main
0x0419	0x6157 ;?ICS?lstr1_main+0
0x041B	0x7469 ;?ICS?lstr1_main+2
0x041D	0x6E69 ;?ICS?lstr1_main+4
0x041F	0x0067 ;?ICS?lstr1_main+6
; end of ?ICS?lstr1_main
;main.c,0 :: ?ICS?lstr4_main
0x0421	0x6C46 ;?ICS?lstr4_main+0
0x0423	0x7361 ;?ICS?lstr4_main+2
0x0425	0x6968 ;?ICS?lstr4_main+4
0x0427	0x676E ;?ICS?lstr4_main+6
0x0429	0x6C20 ;?ICS?lstr4_main+8
0x042B	0x6465 ;?ICS?lstr4_main+10
0x042D	0x3420 ;?ICS?lstr4_main+12
0x042F	0x00 ;?ICS?lstr4_main+14
; end of ?ICS?lstr4_main
;main.c,0 :: ?ICS_l1ST
0x0430	0x0000 ;?ICS_l1ST+0
; end of ?ICS_l1ST
;main.c,0 :: ?ICS_enable_led4
0x0432	0x0000 ;?ICS_enable_led4+0
; end of ?ICS_enable_led4
Symbol List:
//** Routines locations **
//ADDRESS    SIZE    PROCEDURE
//----------------------------------------------
0x0008      [22]    _interrupt
0x001E      [22]    _Delay_5500us
0x0034       [6]    _Delay_1us
0x003A      [10]    _Delay_50us
0x0044     [126]    _Lcd_Cmd
0x00C2      [14]    _Lcd_Chr_CP
0x00D0      [70]    _T1_callBack
0x0116     [108]    _T0_callback
0x0182     [126]    _Lcd_Out
0x0200       [6]    _init_leds
0x0206      [12]    _init_btns
0x0212      [16]    ___CC2DW
0x0222     [152]    _Lcd_Init
0x02BA      [22]    _init_T0
0x02D0      [16]    _init_T1
0x02E0     [250]    _main
//** Variables locations ** 
//ADDRESS    SIZE    VARIABLE
//----------------------------------------------
0x0000       [1]    R0
0x0001       [1]    R1
0x0002       [1]    R2
0x0003       [1]    R3
0x0004       [1]    R4
0x0005       [1]    R5
0x0006       [1]    R6
0x0007       [1]    R7
0x0008       [1]    R8
0x0009       [1]    R9
0x000A       [1]    R10
0x000B       [1]    R11
0x000C       [1]    R12
0x000D       [1]    R13
0x000E       [1]    R14
0x000F       [1]    R15
0x0010       [1]    R16
0x0011       [1]    R17
0x0012       [1]    R18
0x0013       [1]    R19
0x0014       [1]    R20
0x0017       [9]    ?lstr7_main
0x0020      [10]    ?lstr6_main
0x002A       [9]    ?lstr5_main
0x0033       [2]    _ctr
0x0035       [2]    _state2
0x0037       [2]    _state
0x0039      [12]    ?lstr2_main
0x0045       [2]    _enable_led2
0x0047      [15]    ?lstr3_main
0x0056       [8]    ?lstr1_main
0x005E      [15]    ?lstr4_main
0x006D       [2]    _l1ST
0x006F       [2]    _enable_led4
0x0071       [0]    __Lib_Lcd_cmd_status
0x0072       [1]    FARG_Lcd_Out_row
0x0073       [1]    FARG_Lcd_Out_column
0x0074       [2]    FARG_Lcd_Out_text
0x0076       [1]    Lcd_Out_i_L0
0x0077       [1]    FARG_Lcd_Chr_CP_out_char
0x0078       [1]    FARG_Lcd_Cmd_out_char
0x0F80       [0]    RA1_bit
0x0F80       [1]    PORTA
0x0F80       [0]    LCD_EN
0x0F81       [1]    PORTB
0x0F81       [0]    LCD_RS
0x0F82       [1]    PORTC
0x0F83       [0]    LCD_D7
0x0F83       [0]    LCD_D6
0x0F83       [0]    RD7_bit
0x0F83       [0]    RD6_bit
0x0F83       [0]    LCD_D5
0x0F83       [0]    RD5_bit
0x0F83       [0]    RD4_bit
0x0F83       [0]    LCD_D4
0x0F92       [0]    TRISA1_bit
0x0F92       [1]    TRISA
0x0F92       [0]    LCD_EN_Direction
0x0F93       [1]    TRISB
0x0F93       [0]    LCD_RS_Direction
0x0F94       [1]    TRISC
0x0F95       [0]    LCD_D7_Direction
0x0F95       [0]    LCD_D6_Direction
0x0F95       [0]    LCD_D4_Direction
0x0F95       [0]    TRISD6_bit
0x0F95       [0]    TRISD5_bit
0x0F95       [0]    TRISD4_bit
0x0F95       [0]    LCD_D5_Direction
0x0F95       [0]    TRISD7_bit
0x0F9D       [1]    PIE1
0x0F9E       [1]    PIR1
0x0FC1       [1]    ADCON1
0x0FCD       [1]    T1CON
0x0FCE       [1]    TMR1L
0x0FCF       [1]    TMR1H
0x0FD5       [1]    T0CON
0x0FD6       [1]    TMR0L
0x0FD7       [1]    TMR0H
0x0FD8       [1]    STATUS
0x0FD9       [1]    FSR2L
0x0FDA       [1]    FSR2H
0x0FDE       [1]    POSTINC2
0x0FE0       [1]    BSR
0x0FE1       [1]    FSR1L
0x0FE2       [1]    FSR1H
0x0FE4       [1]    PREINC1
0x0FE6       [1]    POSTINC1
0x0FE7       [1]    INDF1
0x0FE8       [1]    WREG
0x0FE9       [1]    FSR0L
0x0FEA       [1]    FSR0H
0x0FEE       [1]    POSTINC0
0x0FF2       [1]    INTCON
0x0FF3       [1]    PRODL
0x0FF4       [1]    PRODH
0x0FF5       [1]    TABLAT
0x0FF6       [1]    TBLPTRL
0x0FF7       [1]    TBLPTRH
0x0FF8       [1]    TBLPTRU
//** Constants locations ** 
//ADDRESS    SIZE    CONSTANT
//----------------------------------------------
0x03DA       [9]    ?ICS?lstr7_main
0x03E3      [10]    ?ICS?lstr6_main
0x03ED       [9]    ?ICS?lstr5_main
0x03F6       [2]    ?ICS_ctr
0x03F8       [2]    ?ICS_state2
0x03FA       [2]    ?ICS_state
0x03FC      [12]    ?ICS?lstr2_main
0x0408       [2]    ?ICS_enable_led2
0x040A      [15]    ?ICS?lstr3_main
0x0419       [8]    ?ICS?lstr1_main
0x0421      [15]    ?ICS?lstr4_main
0x0430       [2]    ?ICS_l1ST
0x0432       [2]    ?ICS_enable_led4
